Change Component Designator: Old Designator=C? New Designator=C1
Change Component Designator: Old Designator=C? New Designator=C2
Change Component Designator: Old Designator=C? New Designator=C3
Change Component Designator: Old Designator=C? New Designator=C4
Change Component Designator: Old Designator=C? New Designator=C5
Change Component Designator: Old Designator=C? New Designator=C6
Change Component Designator: Old Designator=C? New Designator=C7
Change Component Designator: Old Designator=C? New Designator=C8
Change Component Designator: Old Designator=C? New Designator=C9
Change Component Designator: Old Designator=C? New Designator=C10
Change Component Designator: Old Designator=C? New Designator=C11
Change Component Designator: Old Designator=C? New Designator=C12
Change Component Designator: Old Designator=C? New Designator=C13
Change Component Designator: Old Designator=D? New Designator=D8
Change Component Designator: Old Designator=D? New Designator=D9
Change Component Designator: Old Designator=D? New Designator=D10
Change Component Designator: Old Designator=MH? New Designator=MH1
Change Component Designator: Old Designator=MH? New Designator=MH2
Change Component Designator: Old Designator=MH? New Designator=MH3
Change Component Designator: Old Designator=MH? New Designator=MH4
Change Component Designator: Old Designator=MH? New Designator=MH5
Change Component Designator: Old Designator=MH? New Designator=MH6
Change Component Designator: Old Designator=MH? New Designator=MH7
Change Component Designator: Old Designator=MH? New Designator=MH8
Change Component Designator: Old Designator=MH? New Designator=MH9
Change Component Designator: Old Designator=MH? New Designator=MH10
Change Component Designator: Old Designator=MH? New Designator=MH11
Change Component Designator: Old Designator=MH? New Designator=MH12
Change Component Designator: Old Designator=MH? New Designator=MH13
Change Component Designator: Old Designator=Q? New Designator=Q1
Change Component Designator: Old Designator=Q? New Designator=Q2
Change Component Designator: Old Designator=R? New Designator=R6
Change Component Designator: Old Designator=R? New Designator=R7
Change Component Designator: Old Designator=R? New Designator=R8
Change Component Designator: Old Designator=R? New Designator=R9
Change Component Designator: Old Designator=R? New Designator=R10
Change Component Designator: Old Designator=R? New Designator=R11
Change Component Designator: Old Designator=R? New Designator=R12
Change Component Designator: Old Designator=R? New Designator=R13
Change Component Designator: Old Designator=TP? New Designator=TP7
Change Component Designator: Old Designator=TP? New Designator=TP8
Change Component Designator: Old Designator=U? New Designator=U2
Change Component Designator: Old Designator=U? New Designator=U1
