Replace Part C1 Capacitor in C:\USV-Power-Distribution-Board-PCB\USV-PDB\Input Connections.SchDoc with Capacitor from Celestial Altium Library - altium_library.DbLib
Replace Part C2 Polarised Capacitor in C:\USV-Power-Distribution-Board-PCB\USV-PDB\Input Connections.SchDoc with Polarised Capacitor from Celestial Altium Library - altium_library.DbLib
Replace Part C3 Polarised Capacitor in C:\USV-Power-Distribution-Board-PCB\USV-PDB\Input Connections.SchDoc with Polarised Capacitor from Celestial Altium Library - altium_library.DbLib
Replace Part C4 Polarised Capacitor in C:\USV-Power-Distribution-Board-PCB\USV-PDB\Input Connections.SchDoc with Polarised Capacitor from Celestial Altium Library - altium_library.DbLib
Replace Part C5 Polarised Capacitor in C:\USV-Power-Distribution-Board-PCB\USV-PDB\Input Connections.SchDoc with Polarised Capacitor from Celestial Altium Library - altium_library.DbLib
Replace Part C6 Capacitor in C:\USV-Power-Distribution-Board-PCB\USV-PDB\Input Connections.SchDoc with Capacitor from Celestial Altium Library - altium_library.DbLib
Replace Part C7 Capacitor in C:\USV-Power-Distribution-Board-PCB\USV-PDB\Input Connections.SchDoc with Capacitor from Celestial Altium Library - altium_library.DbLib
Replace Part C8 Capacitor in C:\USV-Power-Distribution-Board-PCB\USV-PDB\Input Connections.SchDoc with Capacitor from Celestial Altium Library - altium_library.DbLib
Replace Part D1 Diode Zener in C:\USV-Power-Distribution-Board-PCB\USV-PDB\Input Connections.SchDoc with Diode Zener from Celestial Altium Library - altium_library.DbLib
Replace Part D2 Diode Zener in C:\USV-Power-Distribution-Board-PCB\USV-PDB\Input Connections.SchDoc with Diode Zener from Celestial Altium Library - altium_library.DbLib
Replace Part D3 Diode Zener in C:\USV-Power-Distribution-Board-PCB\USV-PDB\Input Connections.SchDoc with Diode Zener from Celestial Altium Library - altium_library.DbLib
Update Managed Component J1 From CMP-00007-3[XT-90] To CMP-00007-3[XT-90] in Input Connections.SchDoc
Replace Part J2 7 Pin in C:\USV-Power-Distribution-Board-PCB\USV-PDB\Input Connections.SchDoc with 7 Pin from Celestial Altium Library - altium_library.DbLib
Update Managed Component J3 From CMP-00008-1[0436500215] To CMP-00008-1[0436500215] in Input Connections.SchDoc
Update Managed Component Q1 From CMP-1091-00232-1[IPB042N10N3 G] To CMP-1091-00232-1[IPB042N10N3 G] in Input Connections.SchDoc
Update Managed Component Q2 From CMP-1091-00232-1[IPB042N10N3 G] To CMP-1091-00232-1[IPB042N10N3 G] in Input Connections.SchDoc
Replace Part R1 Resistor in C:\USV-Power-Distribution-Board-PCB\USV-PDB\Input Connections.SchDoc with Resistor from Celestial Altium Library - altium_library.DbLib
Replace Part R2 Resistor in C:\USV-Power-Distribution-Board-PCB\USV-PDB\Input Connections.SchDoc with Resistor from Celestial Altium Library - altium_library.DbLib
Replace Part R3 Resistor in C:\USV-Power-Distribution-Board-PCB\USV-PDB\Input Connections.SchDoc with Resistor from Celestial Altium Library - altium_library.DbLib
Replace Part R4 Resistor in C:\USV-Power-Distribution-Board-PCB\USV-PDB\Input Connections.SchDoc with Resistor from Celestial Altium Library - altium_library.DbLib
Update Managed Component U1 From CMP-0479-00207-1[LTC4359CMS8#PBF] To CMP-0479-00207-1[LTC4359CMS8#PBF] in Input Connections.SchDoc
