Change Component Designator: Old Designator=C66 New Designator=C69
Change Component Designator: Old Designator=C67 New Designator=C70
Change Component Designator: Old Designator=C68 New Designator=C71
Change Component Designator: Old Designator=C69 New Designator=C75
Change Component Designator: Old Designator=C70 New Designator=C76
Change Component Designator: Old Designator=C71 New Designator=C77
Change Component Designator: Old Designator=C? New Designator=C66
Change Component Designator: Old Designator=C? New Designator=C67
Change Component Designator: Old Designator=C? New Designator=C68
Change Component Designator: Old Designator=C? New Designator=C72
Change Component Designator: Old Designator=C? New Designator=C73
Change Component Designator: Old Designator=C? New Designator=C74
Change Component Designator: Old Designator=D10 New Designator=D12
Change Component Designator: Old Designator=D12 New Designator=D13
Change Component Designator: Old Designator=D13 New Designator=D14
Change Component Designator: Old Designator=D14 New Designator=D15
Change Component Designator: Old Designator=D15 New Designator=D16
Change Component Designator: Old Designator=D16 New Designator=D17
Change Component Designator: Old Designator=D17 New Designator=D18
Change Component Designator: Old Designator=Q? New Designator=Q5
Change Component Designator: Old Designator=Q? New Designator=Q6
Change Component Designator: Old Designator=R43 New Designator=R44
Change Component Designator: Old Designator=R44 New Designator=R43
Change Component Designator: Old Designator=R48 New Designator=R50
Change Component Designator: Old Designator=R49 New Designator=R51
Change Component Designator: Old Designator=R50 New Designator=R52
Change Component Designator: Old Designator=R51 New Designator=R53
Change Component Designator: Old Designator=R52 New Designator=R54
Change Component Designator: Old Designator=R53 New Designator=R55
Change Component Designator: Old Designator=R54 New Designator=R56
Change Component Designator: Old Designator=R55 New Designator=R57
Change Component Designator: Old Designator=R56 New Designator=R58
Change Component Designator: Old Designator=R57 New Designator=R59
Change Component Designator: Old Designator=R58 New Designator=R60
Change Component Designator: Old Designator=R59 New Designator=R61
Change Component Designator: Old Designator=R60 New Designator=R62
Change Component Designator: Old Designator=R61 New Designator=R63
Change Component Designator: Old Designator=R? New Designator=R48
Change Component Designator: Old Designator=R? New Designator=R49
Change Component Designator: Old Designator=TP? New Designator=TP9
Change Component Designator: Old Designator=TP? New Designator=TP10
Change Component Designator: Old Designator=TP? New Designator=TP11
Change Component Designator: Old Designator=TP? New Designator=TP12
