Replace Part C53 Capacitor in C:\USV-Power-Distribution-Board-PCB\USV-PDB\Microcontroller.SchDoc with Capacitor from Celestial Altium Library - altium_library.DbLib
Replace Part C54 Capacitor in C:\USV-Power-Distribution-Board-PCB\USV-PDB\Microcontroller.SchDoc with Capacitor from Celestial Altium Library - altium_library.DbLib
Replace Part C55 Capacitor in C:\USV-Power-Distribution-Board-PCB\USV-PDB\Microcontroller.SchDoc with Capacitor from Celestial Altium Library - altium_library.DbLib
Replace Part C56 Capacitor in C:\USV-Power-Distribution-Board-PCB\USV-PDB\Microcontroller.SchDoc with Capacitor from Celestial Altium Library - altium_library.DbLib
Replace Part C57 Capacitor in C:\USV-Power-Distribution-Board-PCB\USV-PDB\Microcontroller.SchDoc with Capacitor from Celestial Altium Library - altium_library.DbLib
Replace Part C58 Capacitor in C:\USV-Power-Distribution-Board-PCB\USV-PDB\Microcontroller.SchDoc with Capacitor from Celestial Altium Library - altium_library.DbLib
Replace Part C59 Capacitor in C:\USV-Power-Distribution-Board-PCB\USV-PDB\Microcontroller.SchDoc with Capacitor from Celestial Altium Library - altium_library.DbLib
Replace Part C60 Capacitor in C:\USV-Power-Distribution-Board-PCB\USV-PDB\Microcontroller.SchDoc with Capacitor from Celestial Altium Library - altium_library.DbLib
Replace Part C61 Capacitor in C:\USV-Power-Distribution-Board-PCB\USV-PDB\Microcontroller.SchDoc with Capacitor from Celestial Altium Library - altium_library.DbLib
Replace Part D9 LED in C:\USV-Power-Distribution-Board-PCB\USV-PDB\Microcontroller.SchDoc with LED from Celestial Altium Library - altium_library.DbLib
Replace Part D10 Diode TVS in C:\USV-Power-Distribution-Board-PCB\USV-PDB\Microcontroller.SchDoc with Diode TVS from Celestial Altium Library - altium_library.DbLib
Replace Part D11 LED in C:\USV-Power-Distribution-Board-PCB\USV-PDB\Microcontroller.SchDoc with LED from Celestial Altium Library - altium_library.DbLib
Replace Part D12 LED in C:\USV-Power-Distribution-Board-PCB\USV-PDB\Microcontroller.SchDoc with LED from Celestial Altium Library - altium_library.DbLib
Replace Part D13 LED in C:\USV-Power-Distribution-Board-PCB\USV-PDB\Microcontroller.SchDoc with LED from Celestial Altium Library - altium_library.DbLib
Replace Part D14 LED in C:\USV-Power-Distribution-Board-PCB\USV-PDB\Microcontroller.SchDoc with LED from Celestial Altium Library - altium_library.DbLib
Update Managed Component MD1 From CMP-194065-000008-1[ESP32-WROOM-32] To CMP-194065-000008-1[ESP32-WROOM-32] in Microcontroller.SchDoc
Replace Part R39 Resistor in C:\USV-Power-Distribution-Board-PCB\USV-PDB\Microcontroller.SchDoc with Resistor from Celestial Altium Library - altium_library.DbLib
Replace Part R40 Resistor in C:\USV-Power-Distribution-Board-PCB\USV-PDB\Microcontroller.SchDoc with Resistor from Celestial Altium Library - altium_library.DbLib
Replace Part R41 Resistor in C:\USV-Power-Distribution-Board-PCB\USV-PDB\Microcontroller.SchDoc with Resistor from Celestial Altium Library - altium_library.DbLib
Replace Part R42 Resistor in C:\USV-Power-Distribution-Board-PCB\USV-PDB\Microcontroller.SchDoc with Resistor from Celestial Altium Library - altium_library.DbLib
Replace Part R43 Resistor in C:\USV-Power-Distribution-Board-PCB\USV-PDB\Microcontroller.SchDoc with Resistor from Celestial Altium Library - altium_library.DbLib
Replace Part R44 Resistor in C:\USV-Power-Distribution-Board-PCB\USV-PDB\Microcontroller.SchDoc with Resistor from Celestial Altium Library - altium_library.DbLib
Replace Part R45 Resistor in C:\USV-Power-Distribution-Board-PCB\USV-PDB\Microcontroller.SchDoc with Resistor from Celestial Altium Library - altium_library.DbLib
Replace Part R46 Resistor in C:\USV-Power-Distribution-Board-PCB\USV-PDB\Microcontroller.SchDoc with Resistor from Celestial Altium Library - altium_library.DbLib
Replace Part R47 Resistor in C:\USV-Power-Distribution-Board-PCB\USV-PDB\Microcontroller.SchDoc with Resistor from Celestial Altium Library - altium_library.DbLib
Replace Part S1 SPST-NO 4 PIN in C:\USV-Power-Distribution-Board-PCB\USV-PDB\Microcontroller.SchDoc with SPST-NO 4 PIN from Celestial Altium Library - altium_library.DbLib
Replace Part S2 SPST-NO 4 PIN in C:\USV-Power-Distribution-Board-PCB\USV-PDB\Microcontroller.SchDoc with SPST-NO 4 PIN from Celestial Altium Library - altium_library.DbLib
Update Managed Component U13 From CMP-00015-1[CH340C] To CMP-00015-1[CH340C] in Microcontroller.SchDoc
Update Managed Component U14 From CMP-0314-00172-2[PCA9554ADW] To CMP-0314-00172-2[PCA9554ADW] in Microcontroller.SchDoc
Replace Part U15 ON SEMI MC74HC125ADTR2G in C:\USV-Power-Distribution-Board-PCB\USV-PDB\Microcontroller.SchDoc with ON SEMI MC74HC125ADTR2G from Celestial Altium Library - altium_library.DbLib
Replace Part U16 ON SEMI MC74HC125ADTR2G in C:\USV-Power-Distribution-Board-PCB\USV-PDB\Microcontroller.SchDoc with ON SEMI MC74HC125ADTR2G from Celestial Altium Library - altium_library.DbLib
