Change Component Designator: Old Designator=C54 New Designator=C70
Change Component Designator: Old Designator=C55 New Designator=C71
Change Component Designator: Old Designator=C56 New Designator=C72
Change Component Designator: Old Designator=C57 New Designator=C73
Change Component Designator: Old Designator=C58 New Designator=C74
Change Component Designator: Old Designator=C59 New Designator=C75
Change Component Designator: Old Designator=C60 New Designator=C76
Change Component Designator: Old Designator=C61 New Designator=C77
Change Component Designator: Old Designator=C62 New Designator=C78
Change Component Designator: Old Designator=C63 New Designator=C79
Change Component Designator: Old Designator=C64 New Designator=C80
Change Component Designator: Old Designator=C65 New Designator=C81
Change Component Designator: Old Designator=C66 New Designator=C82
Change Component Designator: Old Designator=D11 New Designator=D9
Change Component Designator: Old Designator=D12 New Designator=D8
Change Component Designator: Old Designator=D13 New Designator=D10
Change Component Designator: Old Designator=D14 New Designator=D11
Change Component Designator: Old Designator=D15 New Designator=D12
Change Component Designator: Old Designator=D16 New Designator=D13
Change Component Designator: Old Designator=D17 New Designator=D14
Change Component Designator: Old Designator=D18 New Designator=D15
Change Component Designator: Old Designator=Q5 New Designator=Q3
Change Component Designator: Old Designator=Q6 New Designator=Q4
Change Component Designator: Old Designator=R43 New Designator=R47
Change Component Designator: Old Designator=R44 New Designator=R46
Change Component Designator: Old Designator=R45 New Designator=R48
Change Component Designator: Old Designator=R46 New Designator=R50
Change Component Designator: Old Designator=R47 New Designator=R49
Change Component Designator: Old Designator=R48 New Designator=R51
Change Component Designator: Old Designator=R49 New Designator=R52
Change Component Designator: Old Designator=R50 New Designator=R53
Change Component Designator: Old Designator=R51 New Designator=R57
Change Component Designator: Old Designator=R52 New Designator=R58
Change Component Designator: Old Designator=R53 New Designator=R54
Change Component Designator: Old Designator=R54 New Designator=R55
Change Component Designator: Old Designator=R55 New Designator=R56
Change Component Designator: Old Designator=TP9 New Designator=TP12
Change Component Designator: Old Designator=TP10 New Designator=TP11
Change Component Designator: Old Designator=TP11 New Designator=TP13
Change Component Designator: Old Designator=TP12 New Designator=TP14
Change Component Designator: Old Designator=TP16 New Designator=TP15
Change Component Designator: Old Designator=TP18 New Designator=TP16
Change Component Designator: Old Designator=TP? New Designator=TP17
Change Component Designator: Old Designator=TP? New Designator=TP18
Change Component Designator: Old Designator=U13 New Designator=U16
Change Component Designator: Old Designator=U14 New Designator=U17
Change Component Designator: Old Designator=U15 New Designator=U18
