Replace Part C36 Capacitor in C:\USV-Power-Distribution-Board-PCB\USV-PDB\Microcontroller.SchDoc with Capacitor from Celestial Altium Library - altium_library.DbLib
Replace Part C37 Capacitor in C:\USV-Power-Distribution-Board-PCB\USV-PDB\Microcontroller.SchDoc with Capacitor from Celestial Altium Library - altium_library.DbLib
Replace Part C38 Capacitor in C:\USV-Power-Distribution-Board-PCB\USV-PDB\Microcontroller.SchDoc with Capacitor from Celestial Altium Library - altium_library.DbLib
Replace Part C39 Capacitor in C:\USV-Power-Distribution-Board-PCB\USV-PDB\Microcontroller.SchDoc with Capacitor from Celestial Altium Library - altium_library.DbLib
Replace Part C40 Capacitor in C:\USV-Power-Distribution-Board-PCB\USV-PDB\Microcontroller.SchDoc with Capacitor from Celestial Altium Library - altium_library.DbLib
Replace Part C41 Capacitor in C:\USV-Power-Distribution-Board-PCB\USV-PDB\Microcontroller.SchDoc with Capacitor from Celestial Altium Library - altium_library.DbLib
Replace Part C42 Capacitor in C:\USV-Power-Distribution-Board-PCB\USV-PDB\Microcontroller.SchDoc with Capacitor from Celestial Altium Library - altium_library.DbLib
Replace Part D8 Diode TVS in C:\USV-Power-Distribution-Board-PCB\USV-PDB\Microcontroller.SchDoc with Diode TVS from Celestial Altium Library - altium_library.DbLib
Replace Part D9 LED in C:\USV-Power-Distribution-Board-PCB\USV-PDB\Microcontroller.SchDoc with LED from Celestial Altium Library - altium_library.DbLib
Replace Part D10 LED in C:\USV-Power-Distribution-Board-PCB\USV-PDB\Microcontroller.SchDoc with LED from Celestial Altium Library - altium_library.DbLib
Replace Part D11 LED in C:\USV-Power-Distribution-Board-PCB\USV-PDB\Microcontroller.SchDoc with LED from Celestial Altium Library - altium_library.DbLib
Replace Part D12 LED in C:\USV-Power-Distribution-Board-PCB\USV-PDB\Microcontroller.SchDoc with LED from Celestial Altium Library - altium_library.DbLib
Replace Part D13 LED in C:\USV-Power-Distribution-Board-PCB\USV-PDB\Microcontroller.SchDoc with LED from Celestial Altium Library - altium_library.DbLib
Update Managed Component MD1 From CMP-194065-000008-1[ESP32-WROOM-32] To CMP-194065-000008-1[ESP32-WROOM-32] in Microcontroller.SchDoc
Update Managed Component MH1 From CMP-00006-4[Mounting Hole M2.5x6mm] To CMP-00006-4[Mounting Hole M2.5x6mm] in Microcontroller.SchDoc
Update Managed Component MH2 From CMP-00006-4[Mounting Hole M2.5x6mm] To CMP-00006-4[Mounting Hole M2.5x6mm] in Microcontroller.SchDoc
Update Managed Component MH3 From CMP-00006-4[Mounting Hole M2.5x6mm] To CMP-00006-4[Mounting Hole M2.5x6mm] in Microcontroller.SchDoc
Update Managed Component MH4 From CMP-00006-4[Mounting Hole M2.5x6mm] To CMP-00006-4[Mounting Hole M2.5x6mm] in Microcontroller.SchDoc
Update Managed Component MH5 From CMP-00006-4[Mounting Hole M2.5x6mm] To CMP-00006-4[Mounting Hole M2.5x6mm] in Microcontroller.SchDoc
Update Managed Component MH6 From CMP-00006-4[Mounting Hole M2.5x6mm] To CMP-00006-4[Mounting Hole M2.5x6mm] in Microcontroller.SchDoc
Update Managed Component MH7 From CMP-00006-4[Mounting Hole M2.5x6mm] To CMP-00006-4[Mounting Hole M2.5x6mm] in Microcontroller.SchDoc
Update Managed Component MH8 From CMP-00006-4[Mounting Hole M2.5x6mm] To CMP-00006-4[Mounting Hole M2.5x6mm] in Microcontroller.SchDoc
Replace Part P1 Header 8X2 in C:\USV-Power-Distribution-Board-PCB\USV-PDB\Microcontroller.SchDoc with Header 8X2 from Miscellaneous Connectors.IntLib
Replace Part R23 Resistor in C:\USV-Power-Distribution-Board-PCB\USV-PDB\Microcontroller.SchDoc with Resistor from Celestial Altium Library - altium_library.DbLib
Replace Part R24 Resistor in C:\USV-Power-Distribution-Board-PCB\USV-PDB\Microcontroller.SchDoc with Resistor from Celestial Altium Library - altium_library.DbLib
Replace Part R25 Resistor in C:\USV-Power-Distribution-Board-PCB\USV-PDB\Microcontroller.SchDoc with Resistor from Celestial Altium Library - altium_library.DbLib
Replace Part R26 Resistor in C:\USV-Power-Distribution-Board-PCB\USV-PDB\Microcontroller.SchDoc with Resistor from Celestial Altium Library - altium_library.DbLib
Replace Part R27 Resistor in C:\USV-Power-Distribution-Board-PCB\USV-PDB\Microcontroller.SchDoc with Resistor from Celestial Altium Library - altium_library.DbLib
Replace Part R28 Resistor in C:\USV-Power-Distribution-Board-PCB\USV-PDB\Microcontroller.SchDoc with Resistor from Celestial Altium Library - altium_library.DbLib
Replace Part R29 Resistor in C:\USV-Power-Distribution-Board-PCB\USV-PDB\Microcontroller.SchDoc with Resistor from Celestial Altium Library - altium_library.DbLib
Replace Part R30 Resistor in C:\USV-Power-Distribution-Board-PCB\USV-PDB\Microcontroller.SchDoc with Resistor from Celestial Altium Library - altium_library.DbLib
Replace Part R31 Resistor in C:\USV-Power-Distribution-Board-PCB\USV-PDB\Microcontroller.SchDoc with Resistor from Celestial Altium Library - altium_library.DbLib
Replace Part R32 Resistor in C:\USV-Power-Distribution-Board-PCB\USV-PDB\Microcontroller.SchDoc with Resistor from Celestial Altium Library - altium_library.DbLib
Replace Part R33 Resistor in C:\USV-Power-Distribution-Board-PCB\USV-PDB\Microcontroller.SchDoc with Resistor from Celestial Altium Library - altium_library.DbLib
Replace Part R34 Resistor in C:\USV-Power-Distribution-Board-PCB\USV-PDB\Microcontroller.SchDoc with Resistor from Celestial Altium Library - altium_library.DbLib
Replace Part R35 Resistor in C:\USV-Power-Distribution-Board-PCB\USV-PDB\Microcontroller.SchDoc with Resistor from Celestial Altium Library - altium_library.DbLib
Replace Part R36 Resistor in C:\USV-Power-Distribution-Board-PCB\USV-PDB\Microcontroller.SchDoc with Resistor from Celestial Altium Library - altium_library.DbLib
Replace Part R37 Resistor in C:\USV-Power-Distribution-Board-PCB\USV-PDB\Microcontroller.SchDoc with Resistor from Celestial Altium Library - altium_library.DbLib
Replace Part R38 Resistor in C:\USV-Power-Distribution-Board-PCB\USV-PDB\Microcontroller.SchDoc with Resistor from Celestial Altium Library - altium_library.DbLib
Replace Part R39 Resistor in C:\USV-Power-Distribution-Board-PCB\USV-PDB\Microcontroller.SchDoc with Resistor from Celestial Altium Library - altium_library.DbLib
Replace Part R40 Resistor in C:\USV-Power-Distribution-Board-PCB\USV-PDB\Microcontroller.SchDoc with Resistor from Celestial Altium Library - altium_library.DbLib
Replace Part R41 Resistor in C:\USV-Power-Distribution-Board-PCB\USV-PDB\Microcontroller.SchDoc with Resistor from Celestial Altium Library - altium_library.DbLib
Replace Part R42 Resistor in C:\USV-Power-Distribution-Board-PCB\USV-PDB\Microcontroller.SchDoc with Resistor from Celestial Altium Library - altium_library.DbLib
Replace Part R43 Resistor in C:\USV-Power-Distribution-Board-PCB\USV-PDB\Microcontroller.SchDoc with Resistor from Celestial Altium Library - altium_library.DbLib
Replace Part S1 SPST-NO 4 PIN in C:\USV-Power-Distribution-Board-PCB\USV-PDB\Microcontroller.SchDoc with SPST-NO 4 PIN from Celestial Altium Library - altium_library.DbLib
Replace Part S2 SPST-NO 4 PIN in C:\USV-Power-Distribution-Board-PCB\USV-PDB\Microcontroller.SchDoc with SPST-NO 4 PIN from Celestial Altium Library - altium_library.DbLib
Replace Part U7 ON SEMI MC74HC125ADTR2G in C:\USV-Power-Distribution-Board-PCB\USV-PDB\Microcontroller.SchDoc with ON SEMI MC74HC125ADTR2G from Celestial Altium Library - altium_library.DbLib
Replace Part U8 ON SEMI MC74HC125ADTR2G in C:\USV-Power-Distribution-Board-PCB\USV-PDB\Microcontroller.SchDoc with ON SEMI MC74HC125ADTR2G from Celestial Altium Library - altium_library.DbLib
Update Managed Component U9 From CMP-00015-1[CH340C] To CMP-00015-1[CH340C] in Microcontroller.SchDoc
