Change Component Designator: Old Designator=C72 New Designator=C77
Change Component Designator: Old Designator=C73 New Designator=C78
Change Component Designator: Old Designator=C74 New Designator=C79
Change Component Designator: Old Designator=C75 New Designator=C71
Change Component Designator: Old Designator=C76 New Designator=C72
Change Component Designator: Old Designator=C77 New Designator=C73
Change Component Designator: Old Designator=C78 New Designator=C80
Change Component Designator: Old Designator=C79 New Designator=C81
Change Component Designator: Old Designator=C80 New Designator=C82
Change Component Designator: Old Designator=C81 New Designator=C83
Change Component Designator: Old Designator=C? New Designator=C57
Change Component Designator: Old Designator=C? New Designator=C58
Change Component Designator: Old Designator=C? New Designator=C59
Change Component Designator: Old Designator=C? New Designator=C60
Change Component Designator: Old Designator=C? New Designator=C61
Change Component Designator: Old Designator=C? New Designator=C62
Change Component Designator: Old Designator=C? New Designator=C63
Change Component Designator: Old Designator=C? New Designator=C64
Change Component Designator: Old Designator=C? New Designator=C65
Change Component Designator: Old Designator=C? New Designator=C66
Change Component Designator: Old Designator=C? New Designator=C67
Change Component Designator: Old Designator=C? New Designator=C68
Change Component Designator: Old Designator=C? New Designator=C69
Change Component Designator: Old Designator=C? New Designator=C70
Change Component Designator: Old Designator=C? New Designator=C74
Change Component Designator: Old Designator=C? New Designator=C75
Change Component Designator: Old Designator=C? New Designator=C76
Change Component Designator: Old Designator=D18 New Designator=D22
Change Component Designator: Old Designator=D19 New Designator=D23
Change Component Designator: Old Designator=D20 New Designator=D21
Change Component Designator: Old Designator=D21 New Designator=D24
Change Component Designator: Old Designator=D22 New Designator=D25
Change Component Designator: Old Designator=D? New Designator=D18
Change Component Designator: Old Designator=D? New Designator=D19
Change Component Designator: Old Designator=D? New Designator=D20
Change Component Designator: Old Designator=R55 New Designator=R64
Change Component Designator: Old Designator=R56 New Designator=R65
Change Component Designator: Old Designator=R57 New Designator=R66
Change Component Designator: Old Designator=R58 New Designator=R67
Change Component Designator: Old Designator=R59 New Designator=R61
Change Component Designator: Old Designator=R60 New Designator=R62
Change Component Designator: Old Designator=R62 New Designator=R52
Change Component Designator: Old Designator=R63 New Designator=R53
Change Component Designator: Old Designator=R? New Designator=R50
Change Component Designator: Old Designator=R? New Designator=R51
Change Component Designator: Old Designator=R? New Designator=R54
Change Component Designator: Old Designator=R? New Designator=R55
Change Component Designator: Old Designator=R? New Designator=R56
Change Component Designator: Old Designator=R? New Designator=R57
Change Component Designator: Old Designator=R? New Designator=R58
Change Component Designator: Old Designator=R? New Designator=R59
Change Component Designator: Old Designator=R? New Designator=R60
Change Component Designator: Old Designator=R? New Designator=R63
Change Component Designator: Old Designator=S? New Designator=S1
Change Component Designator: Old Designator=S? New Designator=S2
Change Component Designator: Old Designator=TP19 New Designator=TP22
Change Component Designator: Old Designator=TP20 New Designator=TP23
Change Component Designator: Old Designator=TP21 New Designator=TP24
Change Component Designator: Old Designator=TP22 New Designator=TP25
Change Component Designator: Old Designator=TP23 New Designator=TP17
Change Component Designator: Old Designator=TP24 New Designator=TP18
Change Component Designator: Old Designator=TP? New Designator=TP15
Change Component Designator: Old Designator=TP? New Designator=TP16
Change Component Designator: Old Designator=TP? New Designator=TP19
Change Component Designator: Old Designator=TP? New Designator=TP20
Change Component Designator: Old Designator=TP? New Designator=TP21
Change Component Designator: Old Designator=U17 New Designator=U16
Change Component Designator: Old Designator=U18 New Designator=U17
Change Component Designator: Old Designator=U? New Designator=U2
Change Component Designator: Old Designator=U? New Designator=U14
Change Component Designator: Old Designator=U? New Designator=U15
Change Component Designator: Old Designator=U? New Designator=U14
Change Component Designator: Old Designator=U? New Designator=U15
