Change Component Designator: Old Designator=C70 New Designator=C72
Change Component Designator: Old Designator=C71 New Designator=C73
Change Component Designator: Old Designator=C72 New Designator=C74
Change Component Designator: Old Designator=C73 New Designator=C75
Change Component Designator: Old Designator=C74 New Designator=C76
Change Component Designator: Old Designator=C75 New Designator=C77
Change Component Designator: Old Designator=C76 New Designator=C78
Change Component Designator: Old Designator=C77 New Designator=C79
Change Component Designator: Old Designator=C78 New Designator=C80
Change Component Designator: Old Designator=C79 New Designator=C81
Change Component Designator: Old Designator=C80 New Designator=C82
Change Component Designator: Old Designator=C81 New Designator=C83
Change Component Designator: Old Designator=D8 New Designator=D18
Change Component Designator: Old Designator=D9 New Designator=D19
Change Component Designator: Old Designator=D10 New Designator=D20
Change Component Designator: Old Designator=D11 New Designator=D21
Change Component Designator: Old Designator=D12 New Designator=D22
Change Component Designator: Old Designator=D13 New Designator=D23
Change Component Designator: Old Designator=D14 New Designator=D24
Change Component Designator: Old Designator=D15 New Designator=D25
Change Component Designator: Old Designator=Q3 New Designator=Q5
Change Component Designator: Old Designator=Q4 New Designator=Q6
Change Component Designator: Old Designator=R46 New Designator=R55
Change Component Designator: Old Designator=R47 New Designator=R56
Change Component Designator: Old Designator=R48 New Designator=R57
Change Component Designator: Old Designator=R49 New Designator=R61
Change Component Designator: Old Designator=R50 New Designator=R58
Change Component Designator: Old Designator=R51 New Designator=R59
Change Component Designator: Old Designator=R52 New Designator=R60
Change Component Designator: Old Designator=R53 New Designator=R64
Change Component Designator: Old Designator=R54 New Designator=R65
Change Component Designator: Old Designator=R55 New Designator=R66
Change Component Designator: Old Designator=R56 New Designator=R67
Change Component Designator: Old Designator=R57 New Designator=R62
Change Component Designator: Old Designator=R58 New Designator=R63
Change Component Designator: Old Designator=TP11 New Designator=TP19
Change Component Designator: Old Designator=TP12 New Designator=TP20
Change Component Designator: Old Designator=TP13 New Designator=TP21
Change Component Designator: Old Designator=TP14 New Designator=TP22
Change Component Designator: Old Designator=TP17 New Designator=TP23
Change Component Designator: Old Designator=TP18 New Designator=TP24
Change Component Designator: Old Designator=U16 New Designator=U17
Change Component Designator: Old Designator=U17 New Designator=U18
