Change Component Designator: Old Designator=C60 New Designator=C61
Change Component Designator: Old Designator=C61 New Designator=C62
Change Component Designator: Old Designator=C? New Designator=C60
Change Component Designator: Old Designator=D9 New Designator=D10
Change Component Designator: Old Designator=D10 New Designator=D11
Change Component Designator: Old Designator=D11 New Designator=D12
Change Component Designator: Old Designator=D12 New Designator=D13
Change Component Designator: Old Designator=D13 New Designator=D14
Change Component Designator: Old Designator=D14 New Designator=D15
Change Component Designator: Old Designator=R40 New Designator=R42
Change Component Designator: Old Designator=R41 New Designator=R43
Change Component Designator: Old Designator=R42 New Designator=R44
Change Component Designator: Old Designator=R43 New Designator=R45
Change Component Designator: Old Designator=R44 New Designator=R46
Change Component Designator: Old Designator=R45 New Designator=R47
Change Component Designator: Old Designator=R46 New Designator=R48
Change Component Designator: Old Designator=R47 New Designator=R49
Change Component Designator: Old Designator=R48 New Designator=R50
Change Component Designator: Old Designator=R? New Designator=R51
Change Component Designator: Old Designator=R? New Designator=R52
