Replace Part D16 Diode in C:\USV-Power-Distribution-Board-PCB\USV-PDB\Output Connections.SchDoc with Diode from Celestial Altium Library - altium_library.DbLib
Update Managed Component J4 From CMP-00008-2[0436500215] To CMP-00008-2[0436500215] in Output Connections.SchDoc
Update Managed Component J5 From CMP-00008-2[0436500215] To CMP-00008-2[0436500215] in Output Connections.SchDoc
Update Managed Component J6 From CMP-00025-4[8 AWG Connector] To CMP-00025-4[8 AWG Connector] in Output Connections.SchDoc
Update Managed Component J7 From CMP-00008-2[0436500215] To CMP-00008-2[0436500215] in Output Connections.SchDoc
Update Managed Component J8 From CMP-00008-2[0436500215] To CMP-00008-2[0436500215] in Output Connections.SchDoc
Update Managed Component J9 From CMP-00008-2[0436500215] To CMP-00008-2[0436500215] in Output Connections.SchDoc
Update Managed Component J10 From CMP-00008-2[0436500215] To CMP-00008-2[0436500215] in Output Connections.SchDoc
Update Managed Component J11 From CMP-00008-2[0436500215] To CMP-00008-2[0436500215] in Output Connections.SchDoc
Update Managed Component J12 From CMP-00025-4[8 AWG Connector] To CMP-00025-4[8 AWG Connector] in Output Connections.SchDoc
Update Managed Component J13 From CMP-00008-2[0436500215] To CMP-00008-2[0436500215] in Output Connections.SchDoc
Update Managed Component J14 From CMP-00016-3[87520-1010BLF] To CMP-00016-3[87520-1010BLF] in Output Connections.SchDoc
Update Managed Component J15 From CMP-00008-2[0436500215] To CMP-00008-2[0436500215] in Output Connections.SchDoc
Update Managed Component J16 From CMP-00008-2[0436500215] To CMP-00008-2[0436500215] in Output Connections.SchDoc
Update Managed Component J17 From CMP-00008-2[0436500215] To CMP-00008-2[0436500215] in Output Connections.SchDoc
Update Managed Component J18 From CMP-00008-2[0436500215] To CMP-00008-2[0436500215] in Output Connections.SchDoc
Update Managed Component J19 From CMP-00008-2[0436500215] To CMP-00008-2[0436500215] in Output Connections.SchDoc
Update Managed Component J20 From CMP-00024-1[0436500315] To CMP-00024-1[0436500315] in Output Connections.SchDoc
Update Managed Component J21 From CMP-00008-2[0436500215] To CMP-00008-2[0436500215] in Output Connections.SchDoc
Replace Part J22 USB 2.0 Type B Micro in C:\USV-Power-Distribution-Board-PCB\USV-PDB\Output Connections.SchDoc with USB 2.0 Type B Micro from Celestial Altium Library - altium_library.DbLib
Replace Part J23 Header 4 in C:\USV-Power-Distribution-Board-PCB\USV-PDB\Output Connections.SchDoc with Header 4 from Miscellaneous Connectors.IntLib
Update Managed Component J24 From CMP-00024-1[0436500315] To CMP-00024-1[0436500315] in Output Connections.SchDoc
Update Managed Component MH1 From CMP-00006-5[Mounting Hole M2.5x6mm] To CMP-00006-5[Mounting Hole M2.5x6mm] in Output Connections.SchDoc
Update Managed Component MH2 From CMP-00006-5[Mounting Hole M2.5x6mm] To CMP-00006-5[Mounting Hole M2.5x6mm] in Output Connections.SchDoc
Update Managed Component MH3 From CMP-00006-5[Mounting Hole M2.5x6mm] To CMP-00006-5[Mounting Hole M2.5x6mm] in Output Connections.SchDoc
Update Managed Component MH4 From CMP-00006-5[Mounting Hole M2.5x6mm] To CMP-00006-5[Mounting Hole M2.5x6mm] in Output Connections.SchDoc
Update Managed Component MH5 From CMP-00006-5[Mounting Hole M2.5x6mm] To CMP-00006-5[Mounting Hole M2.5x6mm] in Output Connections.SchDoc
Update Managed Component MH6 From CMP-00006-5[Mounting Hole M2.5x6mm] To CMP-00006-5[Mounting Hole M2.5x6mm] in Output Connections.SchDoc
Update Managed Component MH7 From CMP-00006-5[Mounting Hole M2.5x6mm] To CMP-00006-5[Mounting Hole M2.5x6mm] in Output Connections.SchDoc
Update Managed Component MH8 From CMP-00006-5[Mounting Hole M2.5x6mm] To CMP-00006-5[Mounting Hole M2.5x6mm] in Output Connections.SchDoc
Update Managed Component MH9 From CMP-00006-5[Mounting Hole M2.5x6mm] To CMP-00006-5[Mounting Hole M2.5x6mm] in Output Connections.SchDoc
Update Managed Component MH10 From CMP-00006-5[Mounting Hole M2.5x6mm] To CMP-00006-5[Mounting Hole M2.5x6mm] in Output Connections.SchDoc
Update Managed Component MH11 From CMP-00006-5[Mounting Hole M2.5x6mm] To CMP-00006-5[Mounting Hole M2.5x6mm] in Output Connections.SchDoc
Update Managed Component MH12 From CMP-00006-5[Mounting Hole M2.5x6mm] To CMP-00006-5[Mounting Hole M2.5x6mm] in Output Connections.SchDoc
Replace Part R53 Resistor in C:\USV-Power-Distribution-Board-PCB\USV-PDB\Output Connections.SchDoc with Resistor from Celestial Altium Library - altium_library.DbLib
