Update Managed Component F3 From CMP-00009-3[3520] To CMP-00009-3[3520] in Output Connections.SchDoc
Update Managed Component F4 From CMP-00009-3[3520] To CMP-00009-3[3520] in Output Connections.SchDoc
Update Managed Component F5 From CMP-00009-3[3520] To CMP-00009-3[3520] in Output Connections.SchDoc
Update Managed Component F6 From CMP-00009-3[3520] To CMP-00009-3[3520] in Output Connections.SchDoc
Update Managed Component F7 From CMP-00009-3[3520] To CMP-00009-3[3520] in Output Connections.SchDoc
Update Managed Component F8 From CMP-00009-3[3520] To CMP-00009-3[3520] in Output Connections.SchDoc
Update Managed Component F9 From CMP-00009-3[3520] To CMP-00009-3[3520] in Output Connections.SchDoc
Update Managed Component F10 From CMP-00009-3[3520] To CMP-00009-3[3520] in Output Connections.SchDoc
Update Managed Component J4 From CMP-00008-2[0436500215] To CMP-00008-2[0436500215] in Output Connections.SchDoc
Update Managed Component J5 From CMP-00008-2[0436500215] To CMP-00008-2[0436500215] in Output Connections.SchDoc
Update Managed Component J6 From CMP-00008-2[0436500215] To CMP-00008-2[0436500215] in Output Connections.SchDoc
Update Managed Component J7 From CMP-00008-2[0436500215] To CMP-00008-2[0436500215] in Output Connections.SchDoc
Update Managed Component J8 From CMP-00008-2[0436500215] To CMP-00008-2[0436500215] in Output Connections.SchDoc
Update Managed Component J9 From CMP-00008-2[0436500215] To CMP-00008-2[0436500215] in Output Connections.SchDoc
Update Managed Component J10 From CMP-00008-2[0436500215] To CMP-00008-2[0436500215] in Output Connections.SchDoc
Update Managed Component J12 From CMP-00008-2[0436500215] To CMP-00008-2[0436500215] in Output Connections.SchDoc
Update Managed Component J13 From CMP-00008-2[0436500215] To CMP-00008-2[0436500215] in Output Connections.SchDoc
Update Managed Component J14 From CMP-00011-4[0431600102] To CMP-00011-4[0431600102] in Output Connections.SchDoc
Replace Part J15 USB 2.0 Type B Micro in C:\USV-Power-Distribution-Board-PCB\USV-PDB\Output Connections.SchDoc with USB 2.0 Type B Micro from Celestial Altium Library - altium_library.DbLib
Update Managed Component J16 From CMP-00011-4[0431600102] To CMP-00011-4[0431600102] in Output Connections.SchDoc
Update Managed Component J? From CMP-00016-3[87520-1010BLF] To CMP-00016-3[87520-1010BLF] in Output Connections.SchDoc
Replace Part R46 Resistor in C:\USV-Power-Distribution-Board-PCB\USV-PDB\Output Connections.SchDoc with Resistor from Celestial Altium Library - altium_library.DbLib
