Change Component Designator: Old Designator=C84 New Designator=C88
Change Component Designator: Old Designator=C85 New Designator=C89
Change Component Designator: Old Designator=C86 New Designator=C90
Change Component Designator: Old Designator=C87 New Designator=C91
Change Component Designator: Old Designator=C88 New Designator=C92
Change Component Designator: Old Designator=C89 New Designator=C93
Change Component Designator: Old Designator=C90 New Designator=C94
Change Component Designator: Old Designator=C91 New Designator=C96
Change Component Designator: Old Designator=C92 New Designator=C98
Change Component Designator: Old Designator=C93 New Designator=C99
Change Component Designator: Old Designator=C94 New Designator=C100
Change Component Designator: Old Designator=C95 New Designator=C101
Change Component Designator: Old Designator=C96 New Designator=C102
Change Component Designator: Old Designator=C97 New Designator=C103
Change Component Designator: Old Designator=C98 New Designator=C107
Change Component Designator: Old Designator=C99 New Designator=C110
Change Component Designator: Old Designator=C100 New Designator=C111
Change Component Designator: Old Designator=C101 New Designator=C113
Change Component Designator: Old Designator=C102 New Designator=C104
Change Component Designator: Old Designator=C103 New Designator=C105
Change Component Designator: Old Designator=C104 New Designator=C106
Change Component Designator: Old Designator=C105 New Designator=C117
Change Component Designator: Old Designator=C106 New Designator=C121
Change Component Designator: Old Designator=C107 New Designator=C122
Change Component Designator: Old Designator=C108 New Designator=C123
Change Component Designator: Old Designator=C109 New Designator=C108
Change Component Designator: Old Designator=C110 New Designator=C109
Change Component Designator: Old Designator=C111 New Designator=C112
Change Component Designator: Old Designator=C112 New Designator=C114
Change Component Designator: Old Designator=C113 New Designator=C115
Change Component Designator: Old Designator=C114 New Designator=C116
Change Component Designator: Old Designator=C115 New Designator=C118
Change Component Designator: Old Designator=C116 New Designator=C119
Change Component Designator: Old Designator=C117 New Designator=C120
Change Component Designator: Old Designator=C? New Designator=C95
Change Component Designator: Old Designator=C? New Designator=C97
Change Component Designator: Old Designator=D? New Designator=D23
Change Component Designator: Old Designator=D? New Designator=D24
Change Component Designator: Old Designator=D? New Designator=D25
Change Component Designator: Old Designator=Q? New Designator=Q5
Change Component Designator: Old Designator=Q? New Designator=Q6
Change Component Designator: Old Designator=R72 New Designator=R68
Change Component Designator: Old Designator=R73 New Designator=R70
Change Component Designator: Old Designator=R74 New Designator=R72
Change Component Designator: Old Designator=R75 New Designator=R74
Change Component Designator: Old Designator=R76 New Designator=R77
Change Component Designator: Old Designator=R77 New Designator=R76
Change Component Designator: Old Designator=R78 New Designator=R80
Change Component Designator: Old Designator=R79 New Designator=R78
Change Component Designator: Old Designator=R80 New Designator=R79
Change Component Designator: Old Designator=R? New Designator=R67
Change Component Designator: Old Designator=R? New Designator=R69
Change Component Designator: Old Designator=R? New Designator=R71
Change Component Designator: Old Designator=R? New Designator=R73
Change Component Designator: Old Designator=R? New Designator=R75
Change Component Designator: Old Designator=U25 New Designator=U26
Change Component Designator: Old Designator=U26 New Designator=U27
Change Component Designator: Old Designator=U27 New Designator=U29
Change Component Designator: Old Designator=U29 New Designator=U32
Change Component Designator: Old Designator=U32 New Designator=U33
Change Component Designator: Old Designator=U? New Designator=U25
