Replace Part C13 Capacitor in C:\USV-Power-Distribution-Board-PCB\USV-PDB\Power Supply.SchDoc with Capacitor from Celestial Altium Library - altium_library.DbLib
Replace Part C14 Capacitor in C:\USV-Power-Distribution-Board-PCB\USV-PDB\Power Supply.SchDoc with Capacitor from Celestial Altium Library - altium_library.DbLib
Replace Part C15 Capacitor in C:\USV-Power-Distribution-Board-PCB\USV-PDB\Power Supply.SchDoc with Capacitor from Celestial Altium Library - altium_library.DbLib
Replace Part C16 Capacitor in C:\USV-Power-Distribution-Board-PCB\USV-PDB\Power Supply.SchDoc with Capacitor from Celestial Altium Library - altium_library.DbLib
Replace Part C17 Capacitor in C:\USV-Power-Distribution-Board-PCB\USV-PDB\Power Supply.SchDoc with Capacitor from Celestial Altium Library - altium_library.DbLib
Replace Part C18 Polarised Capacitor in C:\USV-Power-Distribution-Board-PCB\USV-PDB\Power Supply.SchDoc with Polarised Capacitor from Celestial Altium Library - altium_library.DbLib
Replace Part C19 Polarised Capacitor in C:\USV-Power-Distribution-Board-PCB\USV-PDB\Power Supply.SchDoc with Polarised Capacitor from Celestial Altium Library - altium_library.DbLib
Replace Part C20 Polarised Capacitor in C:\USV-Power-Distribution-Board-PCB\USV-PDB\Power Supply.SchDoc with Polarised Capacitor from Celestial Altium Library - altium_library.DbLib
Replace Part C21 Polarised Capacitor in C:\USV-Power-Distribution-Board-PCB\USV-PDB\Power Supply.SchDoc with Polarised Capacitor from Celestial Altium Library - altium_library.DbLib
Replace Part C22 Capacitor in C:\USV-Power-Distribution-Board-PCB\USV-PDB\Power Supply.SchDoc with Capacitor from Celestial Altium Library - altium_library.DbLib
Replace Part C23 Capacitor in C:\USV-Power-Distribution-Board-PCB\USV-PDB\Power Supply.SchDoc with Capacitor from Celestial Altium Library - altium_library.DbLib
Replace Part C24 Capacitor in C:\USV-Power-Distribution-Board-PCB\USV-PDB\Power Supply.SchDoc with Capacitor from Celestial Altium Library - altium_library.DbLib
Replace Part C25 Capacitor in C:\USV-Power-Distribution-Board-PCB\USV-PDB\Power Supply.SchDoc with Capacitor from Celestial Altium Library - altium_library.DbLib
Replace Part C26 Polarised Capacitor in C:\USV-Power-Distribution-Board-PCB\USV-PDB\Power Supply.SchDoc with Polarised Capacitor from Celestial Altium Library - altium_library.DbLib
Replace Part C27 Capacitor in C:\USV-Power-Distribution-Board-PCB\USV-PDB\Power Supply.SchDoc with Capacitor from Celestial Altium Library - altium_library.DbLib
Replace Part C28 Capacitor in C:\USV-Power-Distribution-Board-PCB\USV-PDB\Power Supply.SchDoc with Capacitor from Celestial Altium Library - altium_library.DbLib
Replace Part C29 Polarised Capacitor in C:\USV-Power-Distribution-Board-PCB\USV-PDB\Power Supply.SchDoc with Polarised Capacitor from Celestial Altium Library - altium_library.DbLib
Replace Part C30 Polarised Capacitor in C:\USV-Power-Distribution-Board-PCB\USV-PDB\Power Supply.SchDoc with Polarised Capacitor from Celestial Altium Library - altium_library.DbLib
Replace Part C31 Capacitor in C:\USV-Power-Distribution-Board-PCB\USV-PDB\Power Supply.SchDoc with Capacitor from Celestial Altium Library - altium_library.DbLib
Replace Part C32 Capacitor in C:\USV-Power-Distribution-Board-PCB\USV-PDB\Power Supply.SchDoc with Capacitor from Celestial Altium Library - altium_library.DbLib
Replace Part C33 Capacitor in C:\USV-Power-Distribution-Board-PCB\USV-PDB\Power Supply.SchDoc with Capacitor from Celestial Altium Library - altium_library.DbLib
Replace Part C34 Capacitor in C:\USV-Power-Distribution-Board-PCB\USV-PDB\Power Supply.SchDoc with Capacitor from Celestial Altium Library - altium_library.DbLib
Replace Part C35 Capacitor in C:\USV-Power-Distribution-Board-PCB\USV-PDB\Power Supply.SchDoc with Capacitor from Celestial Altium Library - altium_library.DbLib
Replace Part D4 Diode in C:\USV-Power-Distribution-Board-PCB\USV-PDB\Power Supply.SchDoc with Diode from Celestial Altium Library - altium_library.DbLib
Replace Part D5 Diode in C:\USV-Power-Distribution-Board-PCB\USV-PDB\Power Supply.SchDoc with Diode from Celestial Altium Library - altium_library.DbLib
Replace Part D6 LED in C:\USV-Power-Distribution-Board-PCB\USV-PDB\Power Supply.SchDoc with LED from Celestial Altium Library - altium_library.DbLib
Replace Part D7 LED in C:\USV-Power-Distribution-Board-PCB\USV-PDB\Power Supply.SchDoc with LED from Celestial Altium Library - altium_library.DbLib
Replace Part IC1 NEXPERIA DUAL MOSFET N-CH SOT363 in C:\USV-Power-Distribution-Board-PCB\USV-PDB\Power Supply.SchDoc with NEXPERIA DUAL MOSFET N-CH SOT363 from Celestial Altium Library - altium_library.DbLib
Replace Part IC2 NEXPERIA DUAL MOSFET N-CH SOT363 in C:\USV-Power-Distribution-Board-PCB\USV-PDB\Power Supply.SchDoc with NEXPERIA DUAL MOSFET N-CH SOT363 from Celestial Altium Library - altium_library.DbLib
Update Managed Component L1 From CMP-00014-1[4.7µH] To CMP-00014-1[SRP1265A-4R7M] in Power Supply.SchDoc
Update Managed Component L2 From CMP-00012-6[150µH] To CMP-00012-6[1415440C] in Power Supply.SchDoc
Replace Part R7 Resistor in C:\USV-Power-Distribution-Board-PCB\USV-PDB\Power Supply.SchDoc with Resistor from Celestial Altium Library - altium_library.DbLib
Replace Part R8 Resistor in C:\USV-Power-Distribution-Board-PCB\USV-PDB\Power Supply.SchDoc with Resistor from Celestial Altium Library - altium_library.DbLib
Replace Part R9 Resistor in C:\USV-Power-Distribution-Board-PCB\USV-PDB\Power Supply.SchDoc with Resistor from Celestial Altium Library - altium_library.DbLib
Replace Part R10 Resistor in C:\USV-Power-Distribution-Board-PCB\USV-PDB\Power Supply.SchDoc with Resistor from Celestial Altium Library - altium_library.DbLib
Replace Part R11 Resistor in C:\USV-Power-Distribution-Board-PCB\USV-PDB\Power Supply.SchDoc with Resistor from Celestial Altium Library - altium_library.DbLib
Replace Part R12 Resistor in C:\USV-Power-Distribution-Board-PCB\USV-PDB\Power Supply.SchDoc with Resistor from Celestial Altium Library - altium_library.DbLib
Replace Part R13 Resistor in C:\USV-Power-Distribution-Board-PCB\USV-PDB\Power Supply.SchDoc with Resistor from Celestial Altium Library - altium_library.DbLib
Replace Part R14 Resistor in C:\USV-Power-Distribution-Board-PCB\USV-PDB\Power Supply.SchDoc with Resistor from Celestial Altium Library - altium_library.DbLib
Replace Part R15 Resistor in C:\USV-Power-Distribution-Board-PCB\USV-PDB\Power Supply.SchDoc with Resistor from Celestial Altium Library - altium_library.DbLib
Replace Part R16 Resistor in C:\USV-Power-Distribution-Board-PCB\USV-PDB\Power Supply.SchDoc with Resistor from Celestial Altium Library - altium_library.DbLib
Replace Part R17 Resistor in C:\USV-Power-Distribution-Board-PCB\USV-PDB\Power Supply.SchDoc with Resistor from Celestial Altium Library - altium_library.DbLib
Replace Part R18 Resistor in C:\USV-Power-Distribution-Board-PCB\USV-PDB\Power Supply.SchDoc with Resistor from Celestial Altium Library - altium_library.DbLib
Replace Part R19 Resistor in C:\USV-Power-Distribution-Board-PCB\USV-PDB\Power Supply.SchDoc with Resistor from Celestial Altium Library - altium_library.DbLib
Replace Part R20 Resistor in C:\USV-Power-Distribution-Board-PCB\USV-PDB\Power Supply.SchDoc with Resistor from Celestial Altium Library - altium_library.DbLib
Replace Part R21 Resistor in C:\USV-Power-Distribution-Board-PCB\USV-PDB\Power Supply.SchDoc with Resistor from Celestial Altium Library - altium_library.DbLib
Replace Part R22 Resistor in C:\USV-Power-Distribution-Board-PCB\USV-PDB\Power Supply.SchDoc with Resistor from Celestial Altium Library - altium_library.DbLib
Update Managed Component U4 From CMP-00002-2[MIC261201YJL-TR] To CMP-00002-2[MIC261201YJL-TR] in Power Supply.SchDoc
Update Managed Component U5 From CMP-0136-00161-1[MCP1827T-3302E/ET] To CMP-0136-00161-1[MCP1827T-3302E/ET] in Power Supply.SchDoc
Update Managed Component U6 From CMP-0069-01745-3[LM26003MHX/NOPB] To CMP-0069-01745-3[LM26003MHX/NOPB] in Power Supply.SchDoc
