Change Component Designator: Old Designator=C25 New Designator=C26
Change Component Designator: Old Designator=C26 New Designator=C27
Change Component Designator: Old Designator=C27 New Designator=C28
Change Component Designator: Old Designator=C28 New Designator=C29
Change Component Designator: Old Designator=C29 New Designator=C30
Change Component Designator: Old Designator=C30 New Designator=C31
Change Component Designator: Old Designator=C31 New Designator=C32
Change Component Designator: Old Designator=C32 New Designator=C35
Change Component Designator: Old Designator=C33 New Designator=C36
Change Component Designator: Old Designator=C34 New Designator=C37
Change Component Designator: Old Designator=C35 New Designator=C38
Change Component Designator: Old Designator=C36 New Designator=C40
Change Component Designator: Old Designator=C37 New Designator=C41
Change Component Designator: Old Designator=C38 New Designator=C42
Change Component Designator: Old Designator=C39 New Designator=C43
Change Component Designator: Old Designator=C40 New Designator=C44
Change Component Designator: Old Designator=C41 New Designator=C45
Change Component Designator: Old Designator=C42 New Designator=C48
Change Component Designator: Old Designator=C43 New Designator=C50
Change Component Designator: Old Designator=C44 New Designator=C51
Change Component Designator: Old Designator=C45 New Designator=C52
Change Component Designator: Old Designator=C46 New Designator=C53
Change Component Designator: Old Designator=C47 New Designator=C59
Change Component Designator: Old Designator=C48 New Designator=C60
Change Component Designator: Old Designator=C49 New Designator=C61
Change Component Designator: Old Designator=C50 New Designator=C54
Change Component Designator: Old Designator=C51 New Designator=C55
Change Component Designator: Old Designator=C52 New Designator=C56
Change Component Designator: Old Designator=C61 New Designator=C62
Change Component Designator: Old Designator=C62 New Designator=C63
Change Component Designator: Old Designator=C63 New Designator=C64
Change Component Designator: Old Designator=C64 New Designator=C65
Change Component Designator: Old Designator=C65 New Designator=C67
Change Component Designator: Old Designator=C66 New Designator=C68
Change Component Designator: Old Designator=C67 New Designator=C69
Change Component Designator: Old Designator=C68 New Designator=C70
Change Component Designator: Old Designator=C69 New Designator=C71
Change Component Designator: Old Designator=C? New Designator=C33
Change Component Designator: Old Designator=C? New Designator=C34
Change Component Designator: Old Designator=C? New Designator=C39
Change Component Designator: Old Designator=C? New Designator=C46
Change Component Designator: Old Designator=C? New Designator=C47
Change Component Designator: Old Designator=C? New Designator=C49
Change Component Designator: Old Designator=C? New Designator=C57
Change Component Designator: Old Designator=C? New Designator=C58
Change Component Designator: Old Designator=C? New Designator=C66
Change Component Designator: Old Designator=D1 New Designator=D11
Change Component Designator: Old Designator=D2 New Designator=D15
Change Component Designator: Old Designator=D3 New Designator=D14
Change Component Designator: Old Designator=D4 New Designator=D12
Change Component Designator: Old Designator=D5 New Designator=D13
Change Component Designator: Old Designator=D6 New Designator=D16
Change Component Designator: Old Designator=D7 New Designator=D17
Change Component Designator: Old Designator=IC1 New Designator=IC2
Change Component Designator: Old Designator=IC2 New Designator=IC1
Change Component Designator: Old Designator=R14 New Designator=R20
Change Component Designator: Old Designator=R15 New Designator=R21
Change Component Designator: Old Designator=R16 New Designator=R22
Change Component Designator: Old Designator=R17 New Designator=R23
Change Component Designator: Old Designator=R18 New Designator=R25
Change Component Designator: Old Designator=R19 New Designator=R26
Change Component Designator: Old Designator=R20 New Designator=R27
Change Component Designator: Old Designator=R21 New Designator=R40
Change Component Designator: Old Designator=R22 New Designator=R34
Change Component Designator: Old Designator=R23 New Designator=R28
Change Component Designator: Old Designator=R24 New Designator=R29
Change Component Designator: Old Designator=R25 New Designator=R30
Change Component Designator: Old Designator=R26 New Designator=R31
Change Component Designator: Old Designator=R27 New Designator=R32
Change Component Designator: Old Designator=R28 New Designator=R35
Change Component Designator: Old Designator=R29 New Designator=R36
Change Component Designator: Old Designator=R30 New Designator=R37
Change Component Designator: Old Designator=R31 New Designator=R38
Change Component Designator: Old Designator=R32 New Designator=R39
Change Component Designator: Old Designator=R33 New Designator=R45
Change Component Designator: Old Designator=R34 New Designator=R41
Change Component Designator: Old Designator=R35 New Designator=R48
Change Component Designator: Old Designator=R36 New Designator=R42
Change Component Designator: Old Designator=R37 New Designator=R43
Change Component Designator: Old Designator=R38 New Designator=R46
Change Component Designator: Old Designator=R39 New Designator=R47
Change Component Designator: Old Designator=R40 New Designator=R49
Change Component Designator: Old Designator=R41 New Designator=R50
Change Component Designator: Old Designator=R42 New Designator=R51
Change Component Designator: Old Designator=R43 New Designator=R52
Change Component Designator: Old Designator=R44 New Designator=R53
Change Component Designator: Old Designator=R45 New Designator=R54
Change Component Designator: Old Designator=R? New Designator=R24
Change Component Designator: Old Designator=R? New Designator=R33
Change Component Designator: Old Designator=R? New Designator=R44
Change Component Designator: Old Designator=TP? New Designator=TP13
Change Component Designator: Old Designator=TP? New Designator=TP14
Change Component Designator: Old Designator=TP? New Designator=TP15
Change Component Designator: Old Designator=TP? New Designator=TP16
Change Component Designator: Old Designator=TP? New Designator=TP17
Change Component Designator: Old Designator=TP? New Designator=TP18
Change Component Designator: Old Designator=U9 New Designator=U8
Change Component Designator: Old Designator=U10 New Designator=U9
Change Component Designator: Old Designator=U15 New Designator=U16
Change Component Designator: Old Designator=U? New Designator=U10
Change Component Designator: Old Designator=U? New Designator=U15
Change Component Designator: Old Designator=U? New Designator=U7
