Change Component Designator: Old Designator=C? New Designator=C42
Change Component Designator: Old Designator=C? New Designator=C43
Change Component Designator: Old Designator=C? New Designator=C44
Change Component Designator: Old Designator=C? New Designator=C45
Change Component Designator: Old Designator=C? New Designator=C46
Change Component Designator: Old Designator=C? New Designator=C47
Change Component Designator: Old Designator=C? New Designator=C48
Change Component Designator: Old Designator=C? New Designator=C49
Change Component Designator: Old Designator=C? New Designator=C50
Change Component Designator: Old Designator=C? New Designator=C51
Change Component Designator: Old Designator=C? New Designator=C52
Change Component Designator: Old Designator=C? New Designator=C53
Change Component Designator: Old Designator=D? New Designator=D8
Change Component Designator: Old Designator=L? New Designator=L3
Change Component Designator: Old Designator=R20 New Designator=R22
Change Component Designator: Old Designator=R21 New Designator=R23
Change Component Designator: Old Designator=R22 New Designator=R24
Change Component Designator: Old Designator=R23 New Designator=R25
Change Component Designator: Old Designator=R24 New Designator=R26
Change Component Designator: Old Designator=R25 New Designator=R27
Change Component Designator: Old Designator=R26 New Designator=R28
Change Component Designator: Old Designator=R27 New Designator=R20
Change Component Designator: Old Designator=R28 New Designator=R21
Change Component Designator: Old Designator=R? New Designator=R29
Change Component Designator: Old Designator=R? New Designator=R30
Change Component Designator: Old Designator=R? New Designator=R31
Change Component Designator: Old Designator=R? New Designator=R32
Change Component Designator: Old Designator=R? New Designator=R33
Change Component Designator: Old Designator=R? New Designator=R34
Change Component Designator: Old Designator=R? New Designator=R35
Change Component Designator: Old Designator=U? New Designator=U11
Change Component Designator: Old Designator=U? New Designator=U12
