Change Component Designator: Old Designator=C17 New Designator=C25
Change Component Designator: Old Designator=C18 New Designator=C26
Change Component Designator: Old Designator=C19 New Designator=C27
Change Component Designator: Old Designator=C20 New Designator=C28
Change Component Designator: Old Designator=C21 New Designator=C29
Change Component Designator: Old Designator=C22 New Designator=C30
Change Component Designator: Old Designator=C23 New Designator=C31
Change Component Designator: Old Designator=C24 New Designator=C32
Change Component Designator: Old Designator=C25 New Designator=C33
Change Component Designator: Old Designator=C26 New Designator=C34
Change Component Designator: Old Designator=C27 New Designator=C35
Change Component Designator: Old Designator=C28 New Designator=C36
Change Component Designator: Old Designator=C29 New Designator=C37
Change Component Designator: Old Designator=C30 New Designator=C38
Change Component Designator: Old Designator=C31 New Designator=C39
Change Component Designator: Old Designator=C32 New Designator=C40
Change Component Designator: Old Designator=C33 New Designator=C41
Change Component Designator: Old Designator=C34 New Designator=C42
Change Component Designator: Old Designator=C35 New Designator=C43
Change Component Designator: Old Designator=C36 New Designator=C44
Change Component Designator: Old Designator=C37 New Designator=C45
Change Component Designator: Old Designator=C38 New Designator=C46
Change Component Designator: Old Designator=C39 New Designator=C47
Change Component Designator: Old Designator=C40 New Designator=C48
Change Component Designator: Old Designator=C41 New Designator=C49
Change Component Designator: Old Designator=C42 New Designator=C50
Change Component Designator: Old Designator=C43 New Designator=C51
Change Component Designator: Old Designator=C44 New Designator=C52
Change Component Designator: Old Designator=C45 New Designator=C61
Change Component Designator: Old Designator=C46 New Designator=C62
Change Component Designator: Old Designator=C47 New Designator=C63
Change Component Designator: Old Designator=C48 New Designator=C64
Change Component Designator: Old Designator=C49 New Designator=C65
Change Component Designator: Old Designator=C50 New Designator=C66
Change Component Designator: Old Designator=C51 New Designator=C67
Change Component Designator: Old Designator=C52 New Designator=C68
Change Component Designator: Old Designator=C53 New Designator=C69
Change Component Designator: Old Designator=C? New Designator=C53
Change Component Designator: Old Designator=C? New Designator=C54
Change Component Designator: Old Designator=C? New Designator=C55
Change Component Designator: Old Designator=C? New Designator=C56
Change Component Designator: Old Designator=C? New Designator=C57
Change Component Designator: Old Designator=C? New Designator=C58
Change Component Designator: Old Designator=C? New Designator=C59
Change Component Designator: Old Designator=C? New Designator=C60
Change Component Designator: Old Designator=D4 New Designator=D1
Change Component Designator: Old Designator=D5 New Designator=D2
Change Component Designator: Old Designator=D6 New Designator=D3
Change Component Designator: Old Designator=D7 New Designator=D4
Change Component Designator: Old Designator=D8 New Designator=D5
Change Component Designator: Old Designator=D9 New Designator=D6
Change Component Designator: Old Designator=D10 New Designator=D7
Change Component Designator: Old Designator=R11 New Designator=R14
Change Component Designator: Old Designator=R12 New Designator=R15
Change Component Designator: Old Designator=R13 New Designator=R16
Change Component Designator: Old Designator=R14 New Designator=R17
Change Component Designator: Old Designator=R15 New Designator=R18
Change Component Designator: Old Designator=R16 New Designator=R19
Change Component Designator: Old Designator=R17 New Designator=R20
Change Component Designator: Old Designator=R18 New Designator=R21
Change Component Designator: Old Designator=R19 New Designator=R22
Change Component Designator: Old Designator=R20 New Designator=R23
Change Component Designator: Old Designator=R21 New Designator=R24
Change Component Designator: Old Designator=R22 New Designator=R25
Change Component Designator: Old Designator=R23 New Designator=R26
Change Component Designator: Old Designator=R24 New Designator=R27
Change Component Designator: Old Designator=R25 New Designator=R28
Change Component Designator: Old Designator=R26 New Designator=R29
Change Component Designator: Old Designator=R27 New Designator=R30
Change Component Designator: Old Designator=R28 New Designator=R31
Change Component Designator: Old Designator=R29 New Designator=R32
Change Component Designator: Old Designator=R30 New Designator=R33
Change Component Designator: Old Designator=R31 New Designator=R34
Change Component Designator: Old Designator=R32 New Designator=R35
Change Component Designator: Old Designator=R33 New Designator=R36
Change Component Designator: Old Designator=R34 New Designator=R37
Change Component Designator: Old Designator=R35 New Designator=R38
Change Component Designator: Old Designator=R36 New Designator=R39
Change Component Designator: Old Designator=R37 New Designator=R40
Change Component Designator: Old Designator=R38 New Designator=R41
Change Component Designator: Old Designator=R39 New Designator=R42
Change Component Designator: Old Designator=R40 New Designator=R43
Change Component Designator: Old Designator=R41 New Designator=R44
Change Component Designator: Old Designator=R42 New Designator=R45
Change Component Designator: Old Designator=TP1 New Designator=TP5
Change Component Designator: Old Designator=TP2 New Designator=TP6
Change Component Designator: Old Designator=TP3 New Designator=TP7
Change Component Designator: Old Designator=TP4 New Designator=TP8
Change Component Designator: Old Designator=TP5 New Designator=TP9
Change Component Designator: Old Designator=TP6 New Designator=TP10
Change Component Designator: Old Designator=U6 New Designator=U9
Change Component Designator: Old Designator=U7 New Designator=U10
Change Component Designator: Old Designator=U8 New Designator=U11
Change Component Designator: Old Designator=U9 New Designator=U12
Change Component Designator: Old Designator=U10 New Designator=U13
Change Component Designator: Old Designator=U11 New Designator=U14
Change Component Designator: Old Designator=U12 New Designator=U15
