Replace Part C17 Capacitor in C:\USV-Power-Distribution-Board-PCB\USV-PDB\Power Supply.SchDoc with Capacitor from Celestial Altium Library - altium_library.DbLib
Replace Part C18 Capacitor in C:\USV-Power-Distribution-Board-PCB\USV-PDB\Power Supply.SchDoc with Capacitor from Celestial Altium Library - altium_library.DbLib
Replace Part C19 Capacitor in C:\USV-Power-Distribution-Board-PCB\USV-PDB\Power Supply.SchDoc with Capacitor from Celestial Altium Library - altium_library.DbLib
Replace Part C20 Capacitor in C:\USV-Power-Distribution-Board-PCB\USV-PDB\Power Supply.SchDoc with Capacitor from Celestial Altium Library - altium_library.DbLib
Replace Part C21 Capacitor in C:\USV-Power-Distribution-Board-PCB\USV-PDB\Power Supply.SchDoc with Capacitor from Celestial Altium Library - altium_library.DbLib
Replace Part C22 Polarised Capacitor in C:\USV-Power-Distribution-Board-PCB\USV-PDB\Power Supply.SchDoc with Polarised Capacitor from Celestial Altium Library - altium_library.DbLib
Replace Part C24 Capacitor in C:\USV-Power-Distribution-Board-PCB\USV-PDB\Power Supply.SchDoc with Capacitor from Celestial Altium Library - altium_library.DbLib
Replace Part C25 Capacitor in C:\USV-Power-Distribution-Board-PCB\USV-PDB\Power Supply.SchDoc with Capacitor from Celestial Altium Library - altium_library.DbLib
Replace Part C26 Polarised Capacitor in C:\USV-Power-Distribution-Board-PCB\USV-PDB\Power Supply.SchDoc with Polarised Capacitor from Celestial Altium Library - altium_library.DbLib
Replace Part C28 Capacitor in C:\USV-Power-Distribution-Board-PCB\USV-PDB\Power Supply.SchDoc with Capacitor from Celestial Altium Library - altium_library.DbLib
Replace Part C29 Polarised Capacitor in C:\USV-Power-Distribution-Board-PCB\USV-PDB\Power Supply.SchDoc with Polarised Capacitor from Celestial Altium Library - altium_library.DbLib
Replace Part C30 Capacitor in C:\USV-Power-Distribution-Board-PCB\USV-PDB\Power Supply.SchDoc with Capacitor from Celestial Altium Library - altium_library.DbLib
Replace Part C31 Capacitor in C:\USV-Power-Distribution-Board-PCB\USV-PDB\Power Supply.SchDoc with Capacitor from Celestial Altium Library - altium_library.DbLib
Replace Part C32 Polarised Capacitor in C:\USV-Power-Distribution-Board-PCB\USV-PDB\Power Supply.SchDoc with Polarised Capacitor from Celestial Altium Library - altium_library.DbLib
Replace Part C33 Polarised Capacitor in C:\USV-Power-Distribution-Board-PCB\USV-PDB\Power Supply.SchDoc with Polarised Capacitor from Celestial Altium Library - altium_library.DbLib
Replace Part C34 Capacitor in C:\USV-Power-Distribution-Board-PCB\USV-PDB\Power Supply.SchDoc with Capacitor from Celestial Altium Library - altium_library.DbLib
Replace Part C35 Capacitor in C:\USV-Power-Distribution-Board-PCB\USV-PDB\Power Supply.SchDoc with Capacitor from Celestial Altium Library - altium_library.DbLib
Replace Part C36 Capacitor in C:\USV-Power-Distribution-Board-PCB\USV-PDB\Power Supply.SchDoc with Capacitor from Celestial Altium Library - altium_library.DbLib
Replace Part C37 Capacitor in C:\USV-Power-Distribution-Board-PCB\USV-PDB\Power Supply.SchDoc with Capacitor from Celestial Altium Library - altium_library.DbLib
Replace Part C38 Capacitor in C:\USV-Power-Distribution-Board-PCB\USV-PDB\Power Supply.SchDoc with Capacitor from Celestial Altium Library - altium_library.DbLib
Replace Part C39 Capacitor in C:\USV-Power-Distribution-Board-PCB\USV-PDB\Power Supply.SchDoc with Capacitor from Celestial Altium Library - altium_library.DbLib
Replace Part C40 Capacitor in C:\USV-Power-Distribution-Board-PCB\USV-PDB\Power Supply.SchDoc with Capacitor from Celestial Altium Library - altium_library.DbLib
Replace Part C42 Polarised Capacitor in C:\USV-Power-Distribution-Board-PCB\USV-PDB\Power Supply.SchDoc with Polarised Capacitor from Celestial Altium Library - altium_library.DbLib
Replace Part C43 Capacitor in C:\USV-Power-Distribution-Board-PCB\USV-PDB\Power Supply.SchDoc with Capacitor from Celestial Altium Library - altium_library.DbLib
Replace Part C44 Capacitor in C:\USV-Power-Distribution-Board-PCB\USV-PDB\Power Supply.SchDoc with Capacitor from Celestial Altium Library - altium_library.DbLib
Replace Part C45 Polarised Capacitor in C:\USV-Power-Distribution-Board-PCB\USV-PDB\Power Supply.SchDoc with Polarised Capacitor from Celestial Altium Library - altium_library.DbLib
Replace Part C46 Polarised Capacitor in C:\USV-Power-Distribution-Board-PCB\USV-PDB\Power Supply.SchDoc with Polarised Capacitor from Celestial Altium Library - altium_library.DbLib
Replace Part C47 Capacitor in C:\USV-Power-Distribution-Board-PCB\USV-PDB\Power Supply.SchDoc with Capacitor from Celestial Altium Library - altium_library.DbLib
Replace Part C48 Capacitor in C:\USV-Power-Distribution-Board-PCB\USV-PDB\Power Supply.SchDoc with Capacitor from Celestial Altium Library - altium_library.DbLib
Replace Part C49 Capacitor in C:\USV-Power-Distribution-Board-PCB\USV-PDB\Power Supply.SchDoc with Capacitor from Celestial Altium Library - altium_library.DbLib
Replace Part C50 Capacitor in C:\USV-Power-Distribution-Board-PCB\USV-PDB\Power Supply.SchDoc with Capacitor from Celestial Altium Library - altium_library.DbLib
Replace Part C51 Capacitor in C:\USV-Power-Distribution-Board-PCB\USV-PDB\Power Supply.SchDoc with Capacitor from Celestial Altium Library - altium_library.DbLib
Replace Part C52 Capacitor in C:\USV-Power-Distribution-Board-PCB\USV-PDB\Power Supply.SchDoc with Capacitor from Celestial Altium Library - altium_library.DbLib
Replace Part D4 Diode in C:\USV-Power-Distribution-Board-PCB\USV-PDB\Power Supply.SchDoc with Diode from Celestial Altium Library - altium_library.DbLib
Replace Part D5 Diode in C:\USV-Power-Distribution-Board-PCB\USV-PDB\Power Supply.SchDoc with Diode from Celestial Altium Library - altium_library.DbLib
Replace Part D6 LED in C:\USV-Power-Distribution-Board-PCB\USV-PDB\Power Supply.SchDoc with LED from Celestial Altium Library - altium_library.DbLib
Replace Part D7 LED in C:\USV-Power-Distribution-Board-PCB\USV-PDB\Power Supply.SchDoc with LED from Celestial Altium Library - altium_library.DbLib
Replace Part D8 LED in C:\USV-Power-Distribution-Board-PCB\USV-PDB\Power Supply.SchDoc with LED from Celestial Altium Library - altium_library.DbLib
Replace Part D9 Diode in C:\USV-Power-Distribution-Board-PCB\USV-PDB\Power Supply.SchDoc with Diode from Celestial Altium Library - altium_library.DbLib
Replace Part IC1 NEXPERIA DUAL MOSFET N-CH SOT363 in C:\USV-Power-Distribution-Board-PCB\USV-PDB\Power Supply.SchDoc with NEXPERIA DUAL MOSFET N-CH SOT363 from Celestial Altium Library - altium_library.DbLib
Replace Part IC1 NEXPERIA DUAL MOSFET N-CH SOT363 in C:\USV-Power-Distribution-Board-PCB\USV-PDB\Power Supply.SchDoc with NEXPERIA DUAL MOSFET N-CH SOT363 from Celestial Altium Library - altium_library.DbLib
Replace Part IC2 NEXPERIA DUAL MOSFET N-CH SOT363 in C:\USV-Power-Distribution-Board-PCB\USV-PDB\Power Supply.SchDoc with NEXPERIA DUAL MOSFET N-CH SOT363 from Celestial Altium Library - altium_library.DbLib
Replace Part IC2 NEXPERIA DUAL MOSFET N-CH SOT363 in C:\USV-Power-Distribution-Board-PCB\USV-PDB\Power Supply.SchDoc with NEXPERIA DUAL MOSFET N-CH SOT363 from Celestial Altium Library - altium_library.DbLib
Update Managed Component L1 From CMP-00014-1[SRP1265A-4R7M] To CMP-00014-1[SRP1265A-4R7M] in Power Supply.SchDoc
Update Managed Component L2 From CMP-00012-6[1415440C] To CMP-00012-6[1415440C] in Power Supply.SchDoc
Update Managed Component L3 From CMP-00012-6[1415440C] To CMP-00012-6[1415440C] in Power Supply.SchDoc
Replace Part R11 Resistor in C:\USV-Power-Distribution-Board-PCB\USV-PDB\Power Supply.SchDoc with Resistor from Celestial Altium Library - altium_library.DbLib
Replace Part R12 Resistor in C:\USV-Power-Distribution-Board-PCB\USV-PDB\Power Supply.SchDoc with Resistor from Celestial Altium Library - altium_library.DbLib
Replace Part R13 Resistor in C:\USV-Power-Distribution-Board-PCB\USV-PDB\Power Supply.SchDoc with Resistor from Celestial Altium Library - altium_library.DbLib
Replace Part R14 Resistor in C:\USV-Power-Distribution-Board-PCB\USV-PDB\Power Supply.SchDoc with Resistor from Celestial Altium Library - altium_library.DbLib
Replace Part R15 Resistor in C:\USV-Power-Distribution-Board-PCB\USV-PDB\Power Supply.SchDoc with Resistor from Celestial Altium Library - altium_library.DbLib
Replace Part R16 Resistor in C:\USV-Power-Distribution-Board-PCB\USV-PDB\Power Supply.SchDoc with Resistor from Celestial Altium Library - altium_library.DbLib
Replace Part R17 Resistor in C:\USV-Power-Distribution-Board-PCB\USV-PDB\Power Supply.SchDoc with Resistor from Celestial Altium Library - altium_library.DbLib
Replace Part R18 Resistor in C:\USV-Power-Distribution-Board-PCB\USV-PDB\Power Supply.SchDoc with Resistor from Celestial Altium Library - altium_library.DbLib
Replace Part R19 Resistor in C:\USV-Power-Distribution-Board-PCB\USV-PDB\Power Supply.SchDoc with Resistor from Celestial Altium Library - altium_library.DbLib
Replace Part R20 Resistor in C:\USV-Power-Distribution-Board-PCB\USV-PDB\Power Supply.SchDoc with Resistor from Celestial Altium Library - altium_library.DbLib
Replace Part R21 Resistor in C:\USV-Power-Distribution-Board-PCB\USV-PDB\Power Supply.SchDoc with Resistor from Celestial Altium Library - altium_library.DbLib
Replace Part R22 Resistor in C:\USV-Power-Distribution-Board-PCB\USV-PDB\Power Supply.SchDoc with Resistor from Celestial Altium Library - altium_library.DbLib
Replace Part R23 Resistor in C:\USV-Power-Distribution-Board-PCB\USV-PDB\Power Supply.SchDoc with Resistor from Celestial Altium Library - altium_library.DbLib
Replace Part R24 Resistor in C:\USV-Power-Distribution-Board-PCB\USV-PDB\Power Supply.SchDoc with Resistor from Celestial Altium Library - altium_library.DbLib
Replace Part R25 Resistor in C:\USV-Power-Distribution-Board-PCB\USV-PDB\Power Supply.SchDoc with Resistor from Celestial Altium Library - altium_library.DbLib
Replace Part R26 Resistor in C:\USV-Power-Distribution-Board-PCB\USV-PDB\Power Supply.SchDoc with Resistor from Celestial Altium Library - altium_library.DbLib
Replace Part R27 Resistor in C:\USV-Power-Distribution-Board-PCB\USV-PDB\Power Supply.SchDoc with Resistor from Celestial Altium Library - altium_library.DbLib
Replace Part R28 Resistor in C:\USV-Power-Distribution-Board-PCB\USV-PDB\Power Supply.SchDoc with Resistor from Celestial Altium Library - altium_library.DbLib
Replace Part R29 Resistor in C:\USV-Power-Distribution-Board-PCB\USV-PDB\Power Supply.SchDoc with Resistor from Celestial Altium Library - altium_library.DbLib
Replace Part R30 Resistor in C:\USV-Power-Distribution-Board-PCB\USV-PDB\Power Supply.SchDoc with Resistor from Celestial Altium Library - altium_library.DbLib
Replace Part R31 Resistor in C:\USV-Power-Distribution-Board-PCB\USV-PDB\Power Supply.SchDoc with Resistor from Celestial Altium Library - altium_library.DbLib
Replace Part R32 Resistor in C:\USV-Power-Distribution-Board-PCB\USV-PDB\Power Supply.SchDoc with Resistor from Celestial Altium Library - altium_library.DbLib
Replace Part R33 Resistor in C:\USV-Power-Distribution-Board-PCB\USV-PDB\Power Supply.SchDoc with Resistor from Celestial Altium Library - altium_library.DbLib
Replace Part R34 Resistor in C:\USV-Power-Distribution-Board-PCB\USV-PDB\Power Supply.SchDoc with Resistor from Celestial Altium Library - altium_library.DbLib
Replace Part R35 Resistor in C:\USV-Power-Distribution-Board-PCB\USV-PDB\Power Supply.SchDoc with Resistor from Celestial Altium Library - altium_library.DbLib
Replace Part R36 Resistor in C:\USV-Power-Distribution-Board-PCB\USV-PDB\Power Supply.SchDoc with Resistor from Celestial Altium Library - altium_library.DbLib
Replace Part R37 Resistor in C:\USV-Power-Distribution-Board-PCB\USV-PDB\Power Supply.SchDoc with Resistor from Celestial Altium Library - altium_library.DbLib
Replace Part R38 Resistor in C:\USV-Power-Distribution-Board-PCB\USV-PDB\Power Supply.SchDoc with Resistor from Celestial Altium Library - altium_library.DbLib
Replace Part R39 Resistor in C:\USV-Power-Distribution-Board-PCB\USV-PDB\Power Supply.SchDoc with Resistor from Celestial Altium Library - altium_library.DbLib
Replace Part R40 Resistor in C:\USV-Power-Distribution-Board-PCB\USV-PDB\Power Supply.SchDoc with Resistor from Celestial Altium Library - altium_library.DbLib
Replace Part R41 Resistor in C:\USV-Power-Distribution-Board-PCB\USV-PDB\Power Supply.SchDoc with Resistor from Celestial Altium Library - altium_library.DbLib
Update Managed Component U6 From CMP-00002-3[MIC261201YJL-TR] To CMP-00002-3[MIC261201YJL-TR] in Power Supply.SchDoc
Update Managed Component U7 From CMP-00020-1[INA168QPWRQ1] To CMP-00020-1[INA168QPWRQ1] in Power Supply.SchDoc
Update Managed Component U8 From CMP-0069-01745-3[LM26003MHX/NOPB] To CMP-0069-01745-3[LM26003MHX/NOPB] in Power Supply.SchDoc
Update Managed Component U9 From CMP-00020-1[INA168QPWRQ1] To CMP-00020-1[INA168QPWRQ1] in Power Supply.SchDoc
Update Managed Component U10 From CMP-0136-00161-1[MCP1827T-3302E/ET] To CMP-0136-00161-1[MCP1827T-3302E/ET] in Power Supply.SchDoc
Update Managed Component U11 From CMP-0069-01745-3[LM26003MHX/NOPB] To CMP-0069-01745-3[LM26003MHX/NOPB] in Power Supply.SchDoc
Update Managed Component U12 From CMP-00020-1[INA168QPWRQ1] To CMP-00020-1[INA168QPWRQ1] in Power Supply.SchDoc
