Removed Pin From Net: NetName=PGND Pin=U6-29_1
Removed Pin From Net: NetName=PGND Pin=U6-29_2
Removed Pin From Net: NetName=PGND Pin=U6-29_3
Removed Pin From Net: NetName=PGND Pin=U6-29_4
Removed Pin From Net: NetName=PGND Pin=U6-29_5
Removed Pin From Net: NetName=PGND Pin=U6-29_6
Removed Pin From Net: NetName=PGND Pin=U6-29_7
Removed Pin From Net: NetName=PGND Pin=U6-29_8
Removed Pin From Net: NetName=NetC19_1 Pin=U6-30_1
Removed Pin From Net: NetName=NetC19_1 Pin=U6-30_2
Removed Pin From Net: NetName=NetC19_1 Pin=U6-30_3
Removed Pin From Net: NetName=NetC19_1 Pin=U6-30_4
Removed Pin From Net: NetName=NetC19_1 Pin=U6-30_5
Removed Pin From Net: NetName=NetC19_1 Pin=U6-30_6
Removed Pin From Net: NetName=VCC Pin=U6-31_1
Removed Pin From Net: NetName=VCC Pin=U6-31_2
Removed Pin From Net: NetName=VCC Pin=U6-31_3
Added Pin To Net: NetName=PGND Pin=C12-1
Added Pin To Net: NetName=PGND Pin=C13-1
Added Pin To Net: NetName=PGND Pin=C15-1
Added Pin To Net: NetName=PGND Pin=C16-1
Added Pin To Net: NetName=PGND Pin=C17-1
Added Pin To Net: NetName=PGND Pin=C18-1
Added Pin To Net: NetName=PGND Pin=C30-1
Added Pin To Net: NetName=PGND Pin=C31-1
Added Pin To Net: NetName=PGND Pin=C38-1
Added Pin To Net: NetName=PGND Pin=C39-1
Added Pin To Net: NetName=PGND Pin=C43-1
Added Pin To Net: NetName=PGND Pin=C44-1
Added Pin To Net: NetName=PGND Pin=C51-1
Added Pin To Net: NetName=PGND Pin=C52-1
Added Pin To Net: NetName=PGND Pin=C53-1
Added Pin To Net: NetName=PGND Pin=C54-1
Added Pin To Net: NetName=PGND Pin=C55-1
Added Pin To Net: NetName=PGND Pin=C56-1
Added Pin To Net: NetName=PGND Pin=C57-1
Added Pin To Net: NetName=PGND Pin=C58-1
Added Pin To Net: NetName=PGND Pin=C59-1
Added Pin To Net: NetName=PGND Pin=C60-1
Added Pin To Net: NetName=PGND Pin=C61-1
Added Pin To Net: NetName=PGND Pin=C62-1
Added Pin To Net: NetName=PGND Pin=C63-1
Added Pin To Net: NetName=PGND Pin=C64-1
Added Pin To Net: NetName=PGND Pin=C100-1
Added Pin To Net: NetName=PGND Pin=C101-1
Added Pin To Net: NetName=PGND Pin=C102-1
Added Pin To Net: NetName=PGND Pin=D11-1
Added Pin To Net: NetName=PGND Pin=MD1-1
Added Pin To Net: NetName=PGND Pin=MD1-15
Added Pin To Net: NetName=PGND Pin=MD1-38
Added Pin To Net: NetName=PGND Pin=MD1-39
Added Pin To Net: NetName=PGND Pin=MD1-39
Added Pin To Net: NetName=PGND Pin=MD1-39
Added Pin To Net: NetName=PGND Pin=MD1-39
Added Pin To Net: NetName=PGND Pin=MD1-39
Added Pin To Net: NetName=PGND Pin=MD1-39
Added Pin To Net: NetName=PGND Pin=MD1-39
Added Pin To Net: NetName=PGND Pin=MD1-39
Added Pin To Net: NetName=PGND Pin=MD1-39
Added Pin To Net: NetName=PGND Pin=R27-1
Added Pin To Net: NetName=PGND Pin=R28-1
Added Pin To Net: NetName=PGND Pin=R38-1
Added Pin To Net: NetName=PGND Pin=R39-1
Added Pin To Net: NetName=PGND Pin=R52-1
Added Pin To Net: NetName=PGND Pin=R67-1
Added Pin To Net: NetName=PGND Pin=S1-1
Added Pin To Net: NetName=PGND Pin=S1-2
Added Pin To Net: NetName=PGND Pin=S2-1
Added Pin To Net: NetName=PGND Pin=S2-2
Added Pin To Net: NetName=PGND Pin=U3-4
Added Pin To Net: NetName=PGND Pin=U3-6
Added Pin To Net: NetName=PGND Pin=U3-7
Added Pin To Net: NetName=PGND Pin=U5-4
Added Pin To Net: NetName=PGND Pin=U5-6
Added Pin To Net: NetName=PGND Pin=U5-7
Added Pin To Net: NetName=PGND Pin=U6-23
Added Pin To Net: NetName=PGND Pin=U7-4
Added Pin To Net: NetName=PGND Pin=U8-10
Added Pin To Net: NetName=PGND Pin=U8-13
Added Pin To Net: NetName=PGND Pin=U8-15
Added Pin To Net: NetName=PGND Pin=U9-4
Added Pin To Net: NetName=PGND Pin=U11-10
Added Pin To Net: NetName=PGND Pin=U11-13
Added Pin To Net: NetName=PGND Pin=U11-15
Added Pin To Net: NetName=PGND Pin=U12-4
Added Pin To Net: NetName=PGND Pin=U13-1
Added Pin To Net: NetName=PGND Pin=U14-8
Added Pin To Net: NetName=PGND Pin=U15-1
Added Pin To Net: NetName=PGND Pin=U15-4
Added Pin To Net: NetName=PGND Pin=U15-7
Added Pin To Net: NetName=PGND Pin=U15-10
Added Pin To Net: NetName=PGND Pin=U15-13
Added Pin To Net: NetName=PGND Pin=U16-1
Added Pin To Net: NetName=PGND Pin=U16-4
Added Pin To Net: NetName=PGND Pin=U16-7
Added Pin To Net: NetName=PGND Pin=U16-10
Added Pin To Net: NetName=PGND Pin=U16-13
Added Pin To Net: NetName=PGND Pin=U17-2
Added Pin To Net: NetName=PGND Pin=U17-7
Added Pin To Net: NetName=PGND Pin=U28-2
Added Pin To Net: NetName=PGND Pin=U29-2
Added Pin To Net: NetName=PGND Pin=U30-2
Change Net Name : Old Net Name=PGND New Net Name=GND
