Add Component: Footprint Not Found CAP ALSMD 6.6MM H8.0MM
Add Component: Footprint Not Found CAP ALSMD 6.6MM H8.0MM
Add Component: Footprint Not Found CAP 1206_3216 - 1.8MM
Add Component: Footprint Not Found CAP 1206_3216 - 1.8MM
Add Component: Footprint Not Found CAP 0603_1608
Add Component: Footprint Not Found CAP 0805_2012
Add Component: Footprint Not Found CAP 0805_2012
Add Component: Footprint Not Found CAP 0805_2012
Add Component: Footprint Not Found CAP 0805_2012
Add Component: Footprint Not Found CAP ALSMD 6.6MM H8.0MM
Add Component: Footprint Not Found CAP ALSMD 6.6MM H8.0MM
Add Component: Footprint Not Found CAP 0603_1608
Add Component: Footprint Not Found CAP 1206_3216 - 1.8MM
Add Component: Footprint Not Found CAP 0805_2012
Add Component: Footprint Not Found CAP 1206_3216 - 1.8MM
Add Component: Footprint Not Found CAP 0805_2012
Add Component: Footprint Not Found CAP 1206_3216 - 1.8MM
Add Component: Footprint Not Found CAP 0805_2012
Add Component: Footprint Not Found CAP 1206_3216 - 1.8MM
Add Component: Footprint Not Found CAP 0805_2012
Add Component: Footprint Not Found CAP 1206_3216 - 1.8MM
Add Component: Footprint Not Found CAP 0805_2012
Add Component: Footprint Not Found CAP 1206_3216 - 1.8MM
Add Component: Footprint Not Found CAP 0805_2012
Add Pin To Net: Unknown Pin: Pin C6-1
Add Pin To Net: Unknown Pin: Pin C6-2
Add Pin To Net: Unknown Pin: Pin C7-1
Add Pin To Net: Unknown Pin: Pin C7-2
Add Pin To Net: Unknown Pin: Pin C8-1
Add Pin To Net: Unknown Pin: Pin C8-2
Add Pin To Net: Unknown Pin: Pin C9-1
Add Pin To Net: Unknown Pin: Pin C9-2
Add Pin To Net: Unknown Pin: Pin C10-1
Add Pin To Net: Unknown Pin: Pin C10-2
Add Pin To Net: Unknown Pin: Pin C11-1
Add Pin To Net: Unknown Pin: Pin C11-2
Add Pin To Net: Unknown Pin: Pin C12-1
Add Pin To Net: Unknown Pin: Pin C12-2
Add Pin To Net: Unknown Pin: Pin C14-1
Add Pin To Net: Unknown Pin: Pin C14-2
Add Pin To Net: Unknown Pin: Pin C15-1
Add Pin To Net: Unknown Pin: Pin C15-2
Add Pin To Net: Unknown Pin: Pin C23-1
Add Pin To Net: Unknown Pin: Pin C23-2
Add Pin To Net: Unknown Pin: Pin C27-1
Add Pin To Net: Unknown Pin: Pin C27-2
Add Pin To Net: Unknown Pin: Pin C41-1
Add Pin To Net: Unknown Pin: Pin C41-2
Add Pin To Net: Unknown Pin: Pin C68-1
Add Pin To Net: Unknown Pin: Pin C68-2
Add Pin To Net: Unknown Pin: Pin C70-1
Add Pin To Net: Unknown Pin: Pin C70-2
Add Pin To Net: Unknown Pin: Pin C73-1
Add Pin To Net: Unknown Pin: Pin C73-2
Add Pin To Net: Unknown Pin: Pin C77-1
Add Pin To Net: Unknown Pin: Pin C77-2
Add Pin To Net: Unknown Pin: Pin C83-1
Add Pin To Net: Unknown Pin: Pin C83-2
Add Pin To Net: Unknown Pin: Pin C85-1
Add Pin To Net: Unknown Pin: Pin C85-2
Add Pin To Net: Unknown Pin: Pin C90-1
Add Pin To Net: Unknown Pin: Pin C90-2
Add Pin To Net: Unknown Pin: Pin C92-1
Add Pin To Net: Unknown Pin: Pin C92-2
Add Pin To Net: Unknown Pin: Pin C93-1
Add Pin To Net: Unknown Pin: Pin C93-2
Add Pin To Net: Unknown Pin: Pin C95-1
Add Pin To Net: Unknown Pin: Pin C95-2
Add Pin To Net: Unknown Pin: Pin C96-1
Add Pin To Net: Unknown Pin: Pin C96-2
Add Pin To Net: Unknown Pin: Pin C98-1
Add Pin To Net: Unknown Pin: Pin C98-2
Add Class Member: Failed to add class member : Component C6 47µF
Add Class Member: Failed to add class member : Component C7 47µF
Add Class Member: Failed to add class member : Component C8 10µF
Add Class Member: Failed to add class member : Component C9 10µF
Add Class Member: Failed to add class member : Component C10 1.5µF
Add Class Member: Failed to add class member : Component C11 10µF
Add Class Member: Failed to add class member : Component C12 10µF
Add Class Member: Failed to add class member : Component C14 10µF
Add Class Member: Failed to add class member : Component C15 10µF
Add Class Member: Failed to add class member : Component C23 120µF
Add Class Member: Failed to add class member : Component C27 120µF
Add Class Member: Failed to add class member : Component C41 1µF
Add Class Member: Failed to add class member : Component C68 100µF
Add Class Member: Failed to add class member : Component C70 10µF
Add Class Member: Failed to add class member : Component C73 100µF
Add Class Member: Failed to add class member : Component C77 10µF
Add Class Member: Failed to add class member : Component C83 100µF
Add Class Member: Failed to add class member : Component C85 10µF
Add Class Member: Failed to add class member : Component C90 100µF
Add Class Member: Failed to add class member : Component C92 10µF
Add Class Member: Failed to add class member : Component C93 100µF
Add Class Member: Failed to add class member : Component C95 10µF
Add Class Member: Failed to add class member : Component C96 100µF
Add Class Member: Failed to add class member : Component C98 10µF
