Removed Member From Class: ClassName=Input Connections Member=J?
Removed Member From Class: ClassName=Output Connections Member=J?
Change Component Designator: OldDesignator=J3 NewDesignator=J4
Change Component Designator: OldDesignator=J4 NewDesignator=J5
Change Component Designator: OldDesignator=J6 NewDesignator=J7
Change Component Designator: OldDesignator=J7 NewDesignator=J8
Change Component Designator: OldDesignator=J8 NewDesignator=J9
Change Component Designator: OldDesignator=J9 NewDesignator=J10
Change Component Designator: OldDesignator=J10 NewDesignator=J11
Change Component Designator: OldDesignator=J12 NewDesignator=J13
Change Component Designator: OldDesignator=J13 NewDesignator=J14
Change Component Designator: OldDesignator=J14 NewDesignator=J15
Change Component Designator: OldDesignator=J15 NewDesignator=J16
Change Component Designator: OldDesignator=J16 NewDesignator=J19
Change Component Designator: OldDesignator=J17 NewDesignator=J20
Change Component Designator: OldDesignator=J18 NewDesignator=J21
Change Component Designator: OldDesignator=J19 NewDesignator=J22
Change Component Designator: OldDesignator=J20 NewDesignator=J23
Change Component Designator: OldDesignator=J21 NewDesignator=J24
Change Component Designator: OldDesignator=J? NewDesignator=J1
Change Component Designator: OldDesignator=J? NewDesignator=J3
Change Component Designator: OldDesignator=J? NewDesignator=J6
Change Component Designator: OldDesignator=J? NewDesignator=J12
Change Component Designator: OldDesignator=J? NewDesignator=J17
Change Component Designator: OldDesignator=J? NewDesignator=J18
Change Component Designator: OldDesignator=MH? NewDesignator=MH9
Change Component Designator: OldDesignator=MH? NewDesignator=MH10
Change Component Designator: OldDesignator=MH? NewDesignator=MH11
Change Component Designator: OldDesignator=MH? NewDesignator=MH12
Change Component Designator: OldDesignator=R5 NewDesignator=R6
Change Component Designator: OldDesignator=R6 NewDesignator=R7
Change Component Designator: OldDesignator=R7 NewDesignator=R8
Change Component Designator: OldDesignator=R8 NewDesignator=R9
Change Component Designator: OldDesignator=R9 NewDesignator=R10
Change Component Designator: OldDesignator=R10 NewDesignator=R11
Change Component Designator: OldDesignator=R11 NewDesignator=R12
Change Component Designator: OldDesignator=R12 NewDesignator=R13
Change Component Designator: OldDesignator=R13 NewDesignator=R14
Change Component Designator: OldDesignator=R14 NewDesignator=R15
Change Component Designator: OldDesignator=R15 NewDesignator=R16
Change Component Designator: OldDesignator=R16 NewDesignator=R17
Change Component Designator: OldDesignator=R17 NewDesignator=R18
Change Component Designator: OldDesignator=R18 NewDesignator=R19
Change Component Designator: OldDesignator=R19 NewDesignator=R20
Change Component Designator: OldDesignator=R20 NewDesignator=R21
Change Component Designator: OldDesignator=R21 NewDesignator=R22
Change Component Designator: OldDesignator=R22 NewDesignator=R23
Change Component Designator: OldDesignator=R23 NewDesignator=R24
Change Component Designator: OldDesignator=R24 NewDesignator=R25
Change Component Designator: OldDesignator=R25 NewDesignator=R26
Change Component Designator: OldDesignator=R26 NewDesignator=R27
Change Component Designator: OldDesignator=R27 NewDesignator=R28
Change Component Designator: OldDesignator=R28 NewDesignator=R29
Change Component Designator: OldDesignator=R29 NewDesignator=R30
Change Component Designator: OldDesignator=R30 NewDesignator=R31
Change Component Designator: OldDesignator=R31 NewDesignator=R32
Change Component Designator: OldDesignator=R32 NewDesignator=R33
Change Component Designator: OldDesignator=R33 NewDesignator=R34
Change Component Designator: OldDesignator=R34 NewDesignator=R35
Change Component Designator: OldDesignator=R35 NewDesignator=R36
Change Component Designator: OldDesignator=R36 NewDesignator=R37
Change Component Designator: OldDesignator=R37 NewDesignator=R38
Change Component Designator: OldDesignator=R38 NewDesignator=R39
Change Component Designator: OldDesignator=R39 NewDesignator=R40
Change Component Designator: OldDesignator=R40 NewDesignator=R41
Change Component Designator: OldDesignator=R41 NewDesignator=R42
Change Component Designator: OldDesignator=R42 NewDesignator=R43
Change Component Designator: OldDesignator=R43 NewDesignator=R44
Change Component Designator: OldDesignator=R44 NewDesignator=R45
Change Component Designator: OldDesignator=R45 NewDesignator=R46
Change Component Designator: OldDesignator=R46 NewDesignator=R47
Change Component Designator: OldDesignator=R47 NewDesignator=R48
Change Component Designator: OldDesignator=R48 NewDesignator=R49
Change Component Designator: OldDesignator=R49 NewDesignator=R50
Change Component Designator: OldDesignator=R50 NewDesignator=R51
Change Component Designator: OldDesignator=R51 NewDesignator=R52
Change Component Designator: OldDesignator=R52 NewDesignator=R53
Change Component Designator: OldDesignator=R53 NewDesignator=R54
Change Component Designator: OldDesignator=R54 NewDesignator=R55
Change Component Designator: OldDesignator=R55 NewDesignator=R56
Change Component Designator: OldDesignator=R56 NewDesignator=R57
Change Component Designator: OldDesignator=R57 NewDesignator=R58
Change Component Designator: OldDesignator=R58 NewDesignator=R59
Change Component Designator: OldDesignator=R59 NewDesignator=R60
Change Component Designator: OldDesignator=R60 NewDesignator=R61
Change Component Designator: OldDesignator=R? NewDesignator=R5
Change Net Name : Old Net Name=NetJ19_1 New Net Name=NetJ22_1
Change Net Name : Old Net Name=NetJ19_2 New Net Name=NetJ22_2
Change Net Name : Old Net Name=NetJ19_3 New Net Name=NetJ22_3
Change Net Name : Old Net Name=NetJ20_2 New Net Name=NetJ23_2
Change Net Name : Old Net Name=NetJ20_3 New Net Name=NetJ23_3
Change Net Name : Old Net Name=NetJ21_2 New Net Name=NetJ24_2
Change Net Name : Old Net Name=NetJ?_1 New Net Name=NetJ3_1
Change Net Name : Old Net Name=NetJ?_2 New Net Name=NetJ3_2
Change Net Name : Old Net Name=NetR6_1 New Net Name=NetR7_1
Change Net Name : Old Net Name=NetR8_1 New Net Name=NetR9_1
Change Net Name : Old Net Name=NetR12_1 New Net Name=NetR13_1
Change Net Name : Old Net Name=NetR15_2 New Net Name=NetR16_2
Change Net Name : Old Net Name=NetR18_1 New Net Name=NetR19_1
Change Net Name : Old Net Name=NetR23_2 New Net Name=NetR24_2
Change Net Name : Old Net Name=NetR25_2 New Net Name=NetR26_2
Change Net Name : Old Net Name=NetR26_2 New Net Name=NetR27_2
Change Net Name : Old Net Name=NetR31_1 New Net Name=NetR32_1
Change Net Name : Old Net Name=NetR34_2 New Net Name=NetR35_2
Change Net Name : Old Net Name=NetR36_2 New Net Name=NetR37_2
Change Net Name : Old Net Name=NetR37_2 New Net Name=NetR38_2
Change Net Name : Old Net Name=NetR49_1 New Net Name=NetR50_1
Change Net Name : Old Net Name=NetR50_1 New Net Name=NetR51_1
Change Net Name : Old Net Name=NetR51_1 New Net Name=NetR52_1
Change Net Name : Old Net Name=NetR52_2 New Net Name=NetR53_2
Change Net Name : Old Net Name=NetR53_1 New Net Name=NetR54_1
Change Net Name : Old Net Name=NetR54_2 New Net Name=NetR55_2
Change Net Name : Old Net Name=NetR55_1 New Net Name=NetR56_1
Change Net Name : Old Net Name=NetR56_2 New Net Name=NetR57_2
Change Net Name : Old Net Name=NetR57_1 New Net Name=NetR58_1
Change Net Name : Old Net Name=NetR58_2 New Net Name=NetR59_2
Change Net Name : Old Net Name=NetR59_2 New Net Name=NetR60_2
Change Net Name : Old Net Name=NetR60_2 New Net Name=NetR61_2
Added Member To Class: ClassName=Input Connections Member=Component J1 8 AWG Connector
Added Member To Class: ClassName=Input Connections Member=Component J3 53375-0210
Added Member To Class: ClassName=Output Connections Member=Component J11 0436500215
Added Member To Class: ClassName=Output Connections Member=Component J22 10118193-0001LF
Added Member To Class: ClassName=Output Connections Member=Component J23 Header 4
Added Member To Class: ClassName=Output Connections Member=Component J24 0436500315
Added Member To Class: ClassName=Output Connections Member=Component MH9 Mounting Hole M2.5x6mm
Added Member To Class: ClassName=Output Connections Member=Component MH11 Mounting Hole M2.5x6mm
Added Member To Class: ClassName=Output Connections Member=Component MH12 Mounting Hole M2.5x6mm
Added Room: Name=Current Sensors
Added Room: Name=Input Connections
Added Room: Name=Microcontroller
Added Room: Name=Output Connections
Added Room: Name=Overcurrent Protection
Added Room: Name=Power Supply
Added Room: Name=Sensors
